<?xml version="1.0" encoding="UTF-8"?>
<coverage generated="1410274442">
  <project timestamp="1410274442">
    <package name="Anomaly\Lexicon\Conditional">
      <file name="/Users/ob/Sites/laravel/laravel43/workbench/anomaly/lexicon/src/Anomaly/Lexicon/Conditional/ConditionalHandler.php">
        <class name="ConditionalHandler" namespace="Anomaly\Lexicon\Conditional">
          <metrics methods="6" coveredmethods="2" conditionals="0" coveredconditionals="0" statements="40" coveredstatements="6" elements="46" coveredelements="8"/>
        </class>
        <line num="18" type="method" name="registerBooleanTestType" crap="1" count="15"/>
        <line num="20" type="stmt" count="15"/>
        <line num="21" type="stmt" count="15"/>
        <line num="30" type="method" name="registerBooleanTestTypes" crap="2" count="15"/>
        <line num="32" type="stmt" count="15"/>
        <line num="33" type="stmt" count="15"/>
        <line num="34" type="stmt" count="15"/>
        <line num="35" type="stmt" count="15"/>
        <line num="43" type="method" name="getTestTypes" crap="2" count="0"/>
        <line num="45" type="stmt" count="0"/>
        <line num="53" type="method" name="getTestOperators" crap="12" count="0"/>
        <line num="55" type="stmt" count="0"/>
        <line num="57" type="stmt" count="0"/>
        <line num="58" type="stmt" count="0"/>
        <line num="59" type="stmt" count="0"/>
        <line num="60" type="stmt" count="0"/>
        <line num="61" type="stmt" count="0"/>
        <line num="62" type="stmt" count="0"/>
        <line num="64" type="stmt" count="0"/>
        <line num="75" type="method" name="compare" crap="90" count="0"/>
        <line num="77" type="stmt" count="0"/>
        <line num="81" type="stmt" count="0"/>
        <line num="82" type="stmt" count="0"/>
        <line num="84" type="stmt" count="0"/>
        <line num="85" type="stmt" count="0"/>
        <line num="87" type="stmt" count="0"/>
        <line num="88" type="stmt" count="0"/>
        <line num="90" type="stmt" count="0"/>
        <line num="91" type="stmt" count="0"/>
        <line num="93" type="stmt" count="0"/>
        <line num="94" type="stmt" count="0"/>
        <line num="96" type="stmt" count="0"/>
        <line num="97" type="stmt" count="0"/>
        <line num="99" type="stmt" count="0"/>
        <line num="100" type="stmt" count="0"/>
        <line num="102" type="stmt" count="0"/>
        <line num="103" type="stmt" count="0"/>
        <line num="105" type="stmt" count="0"/>
        <line num="106" type="stmt" count="0"/>
        <line num="107" type="stmt" count="0"/>
        <line num="118" type="method" name="runTest" crap="12" count="0"/>
        <line num="120" type="stmt" count="0"/>
        <line num="121" type="stmt" count="0"/>
        <line num="122" type="stmt" count="0"/>
        <line num="124" type="stmt" count="0"/>
        <line num="126" type="stmt" count="0"/>
        <metrics loc="127" ncloc="82" classes="1" methods="6" coveredmethods="2" conditionals="0" coveredconditionals="0" statements="40" coveredstatements="6" elements="46" coveredelements="8"/>
      </file>
    </package>
    <package name="Anomaly\Lexicon\Conditional\Test">
      <file name="/Users/ob/Sites/laravel/laravel43/workbench/anomaly/lexicon/src/Anomaly/Lexicon/Conditional/Test/StringTest.php">
        <class name="StringTest" namespace="Anomaly\Lexicon\Conditional\Test">
          <metrics methods="4" coveredmethods="0" conditionals="0" coveredconditionals="0" statements="4" coveredstatements="0" elements="8" coveredelements="0"/>
        </class>
        <line num="13" type="method" name="contains" crap="2" count="0"/>
        <line num="15" type="stmt" count="0"/>
        <line num="25" type="method" name="startsWith" crap="2" count="0"/>
        <line num="27" type="stmt" count="0"/>
        <line num="37" type="method" name="endsWith" crap="2" count="0"/>
        <line num="39" type="stmt" count="0"/>
        <line num="49" type="method" name="is" crap="2" count="0"/>
        <line num="51" type="stmt" count="0"/>
        <metrics loc="53" ncloc="25" classes="1" methods="4" coveredmethods="0" conditionals="0" coveredconditionals="0" statements="4" coveredstatements="0" elements="8" coveredelements="0"/>
      </file>
      <file name="/Users/ob/Sites/laravel/laravel43/workbench/anomaly/lexicon/src/Anomaly/Lexicon/Conditional/Test/TraversableTest.php">
        <class name="TraversableTest" namespace="Anomaly\Lexicon\Conditional\Test">
          <metrics methods="1" coveredmethods="0" conditionals="0" coveredconditionals="0" statements="9" coveredstatements="0" elements="10" coveredelements="0"/>
        </class>
        <line num="12" type="method" name="in" crap="30" count="0"/>
        <line num="14" type="stmt" count="0"/>
        <line num="16" type="stmt" count="0"/>
        <line num="17" type="stmt" count="0"/>
        <line num="18" type="stmt" count="0"/>
        <line num="19" type="stmt" count="0"/>
        <line num="20" type="stmt" count="0"/>
        <line num="22" type="stmt" count="0"/>
        <line num="23" type="stmt" count="0"/>
        <line num="25" type="stmt" count="0"/>
        <metrics loc="28" ncloc="22" classes="1" methods="1" coveredmethods="0" conditionals="0" coveredconditionals="0" statements="9" coveredstatements="0" elements="10" coveredelements="0"/>
      </file>
    </package>
    <package name="Anomaly\Lexicon">
      <file name="/Users/ob/Sites/laravel/laravel43/workbench/anomaly/lexicon/src/Anomaly/Lexicon/Lexicon.php">
        <class name="Lexicon" namespace="Anomaly\Lexicon">
          <metrics methods="12" coveredmethods="11" conditionals="0" coveredconditionals="0" statements="31" coveredstatements="30" elements="43" coveredelements="41"/>
        </class>
        <line num="170" type="method" name="__construct" crap="1" count="15"/>
        <line num="174" type="stmt" count="15"/>
        <line num="175" type="stmt" count="15"/>
        <line num="176" type="stmt" count="15"/>
        <line num="274" type="method" name="registerNodeType" crap="3" count="15"/>
        <line num="276" type="stmt" count="15"/>
        <line num="277" type="stmt" count="15"/>
        <line num="278" type="stmt" count="15"/>
        <line num="279" type="stmt" count="15"/>
        <line num="280" type="stmt" count="15"/>
        <line num="281" type="stmt" count="15"/>
        <line num="282" type="stmt" count="15"/>
        <line num="283" type="stmt" count="15"/>
        <line num="284" type="stmt" count="15"/>
        <line num="293" type="method" name="registerNodeTypes" crap="2" count="15"/>
        <line num="295" type="stmt" count="15"/>
        <line num="296" type="stmt" count="15"/>
        <line num="297" type="stmt" count="15"/>
        <line num="298" type="stmt" count="15"/>
        <line num="308" type="method" name="registerPlugin" crap="1" count="15"/>
        <line num="310" type="stmt" count="15"/>
        <line num="311" type="stmt" count="15"/>
        <line num="320" type="method" name="registerPlugins" crap="2" count="15"/>
        <line num="322" type="stmt" count="15"/>
        <line num="323" type="stmt" count="15"/>
        <line num="324" type="stmt" count="15"/>
        <line num="325" type="stmt" count="15"/>
        <line num="347" type="method" name="getBlockNodeType" crap="2" count="3"/>
        <line num="349" type="stmt" count="3"/>
        <line num="393" type="method" name="addParsePath" crap="1" count="3"/>
        <line num="395" type="stmt" count="3"/>
        <line num="396" type="stmt" count="3"/>
        <line num="416" type="method" name="isParsePath" crap="1" count="3"/>
        <line num="418" type="stmt" count="3"/>
        <line num="426" type="method" name="getViewTemplate" crap="1" count="3"/>
        <line num="428" type="stmt" count="3"/>
        <line num="436" type="method" name="setViewTemplatePath" crap="1" count="15"/>
        <line num="438" type="stmt" count="15"/>
        <line num="439" type="stmt" count="15"/>
        <line num="459" type="method" name="getViewClass" crap="1" count="3"/>
        <line num="461" type="stmt" count="3"/>
        <line num="470" type="method" name="getFullViewClass" crap="2" count="0"/>
        <line num="472" type="stmt" count="0"/>
        <metrics loc="473" ncloc="214" classes="1" methods="12" coveredmethods="11" conditionals="0" coveredconditionals="0" statements="31" coveredstatements="30" elements="43" coveredelements="41"/>
      </file>
    </package>
    <package name="Anomaly\Lexicon\Node">
      <file name="/Users/ob/Sites/laravel/laravel43/workbench/anomaly/lexicon/src/Anomaly/Lexicon/Node/Block.php">
        <class name="Block" namespace="Anomaly\Lexicon\Node">
          <metrics methods="15" coveredmethods="0" conditionals="0" coveredconditionals="0" statements="73" coveredstatements="0" elements="88" coveredelements="0"/>
        </class>
        <line num="36" type="method" name="regex" crap="2" count="0"/>
        <line num="38" type="stmt" count="0"/>
        <line num="39" type="stmt" count="0"/>
        <line num="48" type="method" name="setup" crap="182" count="0"/>
        <line num="50" type="stmt" count="0"/>
        <line num="52" type="stmt" count="0"/>
        <line num="54" type="stmt" count="0"/>
        <line num="56" type="stmt" count="0"/>
        <line num="58" type="stmt" count="0"/>
        <line num="60" type="stmt" count="0"/>
        <line num="62" type="stmt" count="0"/>
        <line num="63" type="stmt" count="0"/>
        <line num="64" type="stmt" count="0"/>
        <line num="65" type="stmt" count="0"/>
        <line num="66" type="stmt" count="0"/>
        <line num="67" type="stmt" count="0"/>
        <line num="69" type="stmt" count="0"/>
        <line num="71" type="stmt" count="0"/>
        <line num="72" type="stmt" count="0"/>
        <line num="73" type="stmt" count="0"/>
        <line num="75" type="stmt" count="0"/>
        <line num="76" type="stmt" count="0"/>
        <line num="77" type="stmt" count="0"/>
        <line num="78" type="stmt" count="0"/>
        <line num="79" type="stmt" count="0"/>
        <line num="81" type="stmt" count="0"/>
        <line num="90" type="method" name="setFullContent" crap="2" count="0"/>
        <line num="92" type="stmt" count="0"/>
        <line num="93" type="stmt" count="0"/>
        <line num="101" type="method" name="getFullContent" crap="2" count="0"/>
        <line num="103" type="stmt" count="0"/>
        <line num="111" type="method" name="getExtractionContentOpen" crap="2" count="0"/>
        <line num="113" type="stmt" count="0"/>
        <line num="121" type="method" name="getExtractionContentClose" crap="2" count="0"/>
        <line num="123" type="stmt" count="0"/>
        <line num="132" type="method" name="setContentOpen" crap="2" count="0"/>
        <line num="134" type="stmt" count="0"/>
        <line num="135" type="stmt" count="0"/>
        <line num="144" type="method" name="setContentClose" crap="2" count="0"/>
        <line num="146" type="stmt" count="0"/>
        <line num="147" type="stmt" count="0"/>
        <line num="155" type="method" name="compile" crap="12" count="0"/>
        <line num="157" type="stmt" count="0"/>
        <line num="158" type="stmt" count="0"/>
        <line num="159" type="stmt" count="0"/>
        <line num="160" type="stmt" count="0"/>
        <line num="163" type="stmt" count="0"/>
        <line num="165" type="stmt" count="0"/>
        <line num="173" type="method" name="compileChildren" crap="30" count="0"/>
        <line num="176" type="stmt" count="0"/>
        <line num="177" type="stmt" count="0"/>
        <line num="178" type="stmt" count="0"/>
        <line num="179" type="stmt" count="0"/>
        <line num="180" type="stmt" count="0"/>
        <line num="182" type="stmt" count="0"/>
        <line num="183" type="stmt" count="0"/>
        <line num="184" type="stmt" count="0"/>
        <line num="185" type="stmt" count="0"/>
        <line num="186" type="stmt" count="0"/>
        <line num="188" type="stmt" count="0"/>
        <line num="196" type="method" name="compileOpen" crap="20" count="0"/>
        <line num="198" type="stmt" count="0"/>
        <line num="199" type="stmt" count="0"/>
        <line num="202" type="stmt" count="0"/>
        <line num="210" type="method" name="compileFilter" crap="2" count="0"/>
        <line num="212" type="stmt" count="0"/>
        <line num="214" type="stmt" count="0"/>
        <line num="216" type="stmt" count="0"/>
        <line num="218" type="stmt" count="0"/>
        <line num="219" type="stmt" count="0"/>
        <line num="227" type="method" name="compileParse" crap="2" count="0"/>
        <line num="229" type="stmt" count="0"/>
        <line num="231" type="stmt" count="0"/>
        <line num="233" type="stmt" count="0"/>
        <line num="235" type="stmt" count="0"/>
        <line num="237" type="stmt" count="0"/>
        <line num="238" type="stmt" count="0"/>
        <line num="246" type="method" name="getIterateableSource" crap="2" count="0"/>
        <line num="248" type="stmt" count="0"/>
        <line num="250" type="stmt" count="0"/>
        <line num="252" type="stmt" count="0"/>
        <line num="254" type="stmt" count="0"/>
        <line num="256" type="stmt" count="0"/>
        <line num="258" type="stmt" count="0"/>
        <line num="266" type="method" name="compileClose" crap="20" count="0"/>
        <line num="268" type="stmt" count="0"/>
        <line num="269" type="stmt" count="0"/>
        <line num="272" type="stmt" count="0"/>
        <metrics loc="273" ncloc="178" classes="1" methods="15" coveredmethods="0" conditionals="0" coveredconditionals="0" statements="73" coveredstatements="0" elements="88" coveredelements="0"/>
      </file>
      <file name="/Users/ob/Sites/laravel/laravel43/workbench/anomaly/lexicon/src/Anomaly/Lexicon/Node/Comment.php">
        <class name="Comment" namespace="Anomaly\Lexicon\Node">
          <metrics methods="1" coveredmethods="0" conditionals="0" coveredconditionals="0" statements="1" coveredstatements="0" elements="2" coveredelements="0"/>
        </class>
        <line num="10" type="method" name="regex" crap="2" count="0"/>
        <line num="12" type="stmt" count="0"/>
        <metrics loc="13" ncloc="8" classes="1" methods="1" coveredmethods="0" conditionals="0" coveredconditionals="0" statements="1" coveredstatements="0" elements="2" coveredelements="0"/>
      </file>
      <file name="/Users/ob/Sites/laravel/laravel43/workbench/anomaly/lexicon/src/Anomaly/Lexicon/Node/Conditional.php">
        <class name="Conditional" namespace="Anomaly\Lexicon\Node">
          <metrics methods="6" coveredmethods="0" conditionals="0" coveredconditionals="0" statements="18" coveredstatements="0" elements="24" coveredelements="0"/>
        </class>
        <line num="39" type="method" name="getNameMatcher" crap="2" count="0"/>
        <line num="41" type="stmt" count="0"/>
        <line num="50" type="method" name="setup" crap="12" count="0"/>
        <line num="52" type="stmt" count="0"/>
        <line num="53" type="stmt" count="0"/>
        <line num="54" type="stmt" count="0"/>
        <line num="55" type="stmt" count="0"/>
        <line num="56" type="stmt" count="0"/>
        <line num="58" type="stmt" count="0"/>
        <line num="59" type="stmt" count="0"/>
        <line num="60" type="stmt" count="0"/>
        <line num="61" type="stmt" count="0"/>
        <line num="62" type="stmt" count="0"/>
        <line num="63" type="stmt" count="0"/>
        <line num="71" type="method" name="setParser" crap="2" count="0"/>
        <line num="73" type="stmt" count="0"/>
        <line num="74" type="stmt" count="0"/>
        <line num="81" type="method" name="setExpression" crap="2" count="0"/>
        <line num="83" type="stmt" count="0"/>
        <line num="84" type="stmt" count="0"/>
        <line num="92" type="method" name="getExpression" crap="2" count="0"/>
        <line num="94" type="stmt" count="0"/>
        <line num="102" type="method" name="compile" crap="2" count="0"/>
        <line num="104" type="stmt" count="0"/>
        <metrics loc="106" ncloc="62" classes="1" methods="6" coveredmethods="0" conditionals="0" coveredconditionals="0" statements="18" coveredstatements="0" elements="24" coveredelements="0"/>
      </file>
      <file name="/Users/ob/Sites/laravel/laravel43/workbench/anomaly/lexicon/src/Anomaly/Lexicon/Node/ConditionalElse.php">
        <class name="ConditionalElse" namespace="Anomaly\Lexicon\Node">
          <metrics methods="2" coveredmethods="0" conditionals="0" coveredconditionals="0" statements="5" coveredstatements="0" elements="7" coveredelements="0"/>
        </class>
        <line num="20" type="method" name="setup" crap="2" count="0"/>
        <line num="22" type="stmt" count="0"/>
        <line num="23" type="stmt" count="0"/>
        <line num="24" type="stmt" count="0"/>
        <line num="25" type="stmt" count="0"/>
        <line num="32" type="method" name="compile" crap="2" count="0"/>
        <line num="34" type="stmt" count="0"/>
        <metrics loc="36" ncloc="21" classes="1" methods="2" coveredmethods="0" conditionals="0" coveredconditionals="0" statements="5" coveredstatements="0" elements="7" coveredelements="0"/>
      </file>
      <file name="/Users/ob/Sites/laravel/laravel43/workbench/anomaly/lexicon/src/Anomaly/Lexicon/Node/ConditionalEndif.php">
        <class name="ConditionalEndif" namespace="Anomaly\Lexicon\Node">
          <metrics methods="2" coveredmethods="0" conditionals="0" coveredconditionals="0" statements="5" coveredstatements="0" elements="7" coveredelements="0"/>
        </class>
        <line num="20" type="method" name="setup" crap="2" count="0"/>
        <line num="22" type="stmt" count="0"/>
        <line num="23" type="stmt" count="0"/>
        <line num="24" type="stmt" count="0"/>
        <line num="25" type="stmt" count="0"/>
        <line num="32" type="method" name="compile" crap="2" count="0"/>
        <line num="34" type="stmt" count="0"/>
        <metrics loc="36" ncloc="21" classes="1" methods="2" coveredmethods="0" conditionals="0" coveredconditionals="0" statements="5" coveredstatements="0" elements="7" coveredelements="0"/>
      </file>
      <file name="/Users/ob/Sites/laravel/laravel43/workbench/anomaly/lexicon/src/Anomaly/Lexicon/Node/IgnoreBlock.php">
        <class name="IgnoreBlock" namespace="Anomaly\Lexicon\Node">
          <metrics methods="2" coveredmethods="0" conditionals="0" coveredconditionals="0" statements="2" coveredstatements="0" elements="4" coveredelements="0"/>
        </class>
        <line num="25" type="method" name="regex" crap="2" count="0"/>
        <line num="27" type="stmt" count="0"/>
        <line num="35" type="method" name="compile" crap="2" count="0"/>
        <line num="37" type="stmt" count="0"/>
        <metrics loc="38" ncloc="18" classes="1" methods="2" coveredmethods="0" conditionals="0" coveredconditionals="0" statements="2" coveredstatements="0" elements="4" coveredelements="0"/>
      </file>
      <file name="/Users/ob/Sites/laravel/laravel43/workbench/anomaly/lexicon/src/Anomaly/Lexicon/Node/IgnoreVariable.php">
        <class name="IgnoreVariable" namespace="Anomaly\Lexicon\Node">
          <metrics methods="2" coveredmethods="0" conditionals="0" coveredconditionals="0" statements="6" coveredstatements="0" elements="8" coveredelements="0"/>
        </class>
        <line num="18" type="method" name="setup" crap="20" count="0"/>
        <line num="20" type="stmt" count="0"/>
        <line num="21" type="stmt" count="0"/>
        <line num="22" type="stmt" count="0"/>
        <line num="23" type="stmt" count="0"/>
        <line num="24" type="stmt" count="0"/>
        <line num="31" type="method" name="regex" crap="2" count="0"/>
        <line num="33" type="stmt" count="0"/>
        <metrics loc="35" ncloc="20" classes="1" methods="2" coveredmethods="0" conditionals="0" coveredconditionals="0" statements="6" coveredstatements="0" elements="8" coveredelements="0"/>
      </file>
      <file name="/Users/ob/Sites/laravel/laravel43/workbench/anomaly/lexicon/src/Anomaly/Lexicon/Node/Includes.php">
        <class name="Includes" namespace="Anomaly\Lexicon\Node">
          <metrics methods="1" coveredmethods="0" conditionals="0" coveredconditionals="0" statements="6" coveredstatements="0" elements="7" coveredelements="0"/>
        </class>
        <line num="20" type="method" name="compile" crap="6" count="0"/>
        <line num="22" type="stmt" count="0"/>
        <line num="24" type="stmt" count="0"/>
        <line num="25" type="stmt" count="0"/>
        <line num="27" type="stmt" count="0"/>
        <line num="28" type="stmt" count="0"/>
        <line num="31" type="stmt" count="0"/>
        <metrics loc="33" ncloc="23" classes="1" methods="1" coveredmethods="0" conditionals="0" coveredconditionals="0" statements="6" coveredstatements="0" elements="7" coveredelements="0"/>
      </file>
      <file name="/Users/ob/Sites/laravel/laravel43/workbench/anomaly/lexicon/src/Anomaly/Lexicon/Node/Node.php">
        <class name="Node" namespace="Anomaly\Lexicon\Node">
          <metrics methods="60" coveredmethods="1" conditionals="0" coveredconditionals="0" statements="196" coveredstatements="2" elements="256" coveredelements="3"/>
        </class>
        <line num="140" type="method" name="__construct" crap="1" count="15"/>
        <line num="142" type="stmt" count="15"/>
        <line num="143" type="stmt" count="15"/>
        <line num="149" type="method" name="setIsEmbedded" crap="2" count="0"/>
        <line num="151" type="stmt" count="0"/>
        <line num="152" type="stmt" count="0"/>
        <line num="160" type="method" name="isEmbedded" crap="2" count="0"/>
        <line num="162" type="stmt" count="0"/>
        <line num="170" type="method" name="isPhp" crap="2" count="0"/>
        <line num="172" type="stmt" count="0"/>
        <line num="180" type="method" name="deferCompile" crap="2" count="0"/>
        <line num="182" type="stmt" count="0"/>
        <line num="194" type="method" name="make" crap="20" count="0"/>
        <line num="196" type="stmt" count="0"/>
        <line num="197" type="stmt" count="0"/>
        <line num="198" type="stmt" count="0"/>
        <line num="201" type="stmt" count="0"/>
        <line num="204" type="stmt" count="0"/>
        <line num="205" type="stmt" count="0"/>
        <line num="206" type="stmt" count="0"/>
        <line num="207" type="stmt" count="0"/>
        <line num="208" type="stmt" count="0"/>
        <line num="211" type="stmt" count="0"/>
        <line num="212" type="stmt" count="0"/>
        <line num="213" type="stmt" count="0"/>
        <line num="214" type="stmt" count="0"/>
        <line num="215" type="stmt" count="0"/>
        <line num="216" type="stmt" count="0"/>
        <line num="218" type="stmt" count="0"/>
        <line num="220" type="stmt" count="0"/>
        <line num="222" type="stmt" count="0"/>
        <line num="223" type="stmt" count="0"/>
        <line num="224" type="stmt" count="0"/>
        <line num="226" type="stmt" count="0"/>
        <line num="234" type="method" name="newAttributeParser" crap="2" count="0"/>
        <line num="236" type="stmt" count="0"/>
        <line num="244" type="method" name="setContent" crap="2" count="0"/>
        <line num="246" type="stmt" count="0"/>
        <line num="247" type="stmt" count="0"/>
        <line num="255" type="method" name="getContent" crap="2" count="0"/>
        <line num="257" type="stmt" count="0"/>
        <line num="266" type="method" name="setExtractionContent" crap="2" count="0"/>
        <line num="268" type="stmt" count="0"/>
        <line num="269" type="stmt" count="0"/>
        <line num="275" type="method" name="getExtractionContent" crap="2" count="0"/>
        <line num="277" type="stmt" count="0"/>
        <line num="286" type="method" name="setParsedContent" crap="2" count="0"/>
        <line num="288" type="stmt" count="0"/>
        <line num="289" type="stmt" count="0"/>
        <line num="297" type="method" name="getParsedContent" crap="2" count="0"/>
        <line num="299" type="stmt" count="0"/>
        <line num="308" type="method" name="addChild" crap="2" count="0"/>
        <line num="310" type="stmt" count="0"/>
        <line num="311" type="stmt" count="0"/>
        <line num="320" type="method" name="getChildren" crap="2" count="0"/>
        <line num="322" type="stmt" count="0"/>
        <line num="331" type="method" name="setDepth" crap="2" count="0"/>
        <line num="333" type="stmt" count="0"/>
        <line num="334" type="stmt" count="0"/>
        <line num="342" type="method" name="getDepth" crap="2" count="0"/>
        <line num="344" type="stmt" count="0"/>
        <line num="352" type="method" name="setId" crap="2" count="0"/>
        <line num="354" type="stmt" count="0"/>
        <line num="355" type="stmt" count="0"/>
        <line num="363" type="method" name="getId" crap="2" count="0"/>
        <line num="365" type="stmt" count="0"/>
        <line num="374" type="method" name="setCount" crap="2" count="0"/>
        <line num="376" type="stmt" count="0"/>
        <line num="377" type="stmt" count="0"/>
        <line num="385" type="method" name="getCount" crap="2" count="0"/>
        <line num="387" type="stmt" count="0"/>
        <line num="396" type="method" name="setName" crap="2" count="0"/>
        <line num="398" type="stmt" count="0"/>
        <line num="399" type="stmt" count="0"/>
        <line num="407" type="method" name="getName" crap="2" count="0"/>
        <line num="409" type="stmt" count="0"/>
        <line num="417" type="method" name="getNameMatcher" crap="2" count="0"/>
        <line num="419" type="stmt" count="0"/>
        <line num="428" type="method" name="setParent" crap="2" count="0"/>
        <line num="430" type="stmt" count="0"/>
        <line num="431" type="stmt" count="0"/>
        <line num="439" type="method" name="getParent" crap="2" count="0"/>
        <line num="441" type="stmt" count="0"/>
        <line num="449" type="method" name="isRoot" crap="2" count="0"/>
        <line num="451" type="stmt" count="0"/>
        <line num="460" type="method" name="getExtractionId" crap="6" count="0"/>
        <line num="462" type="stmt" count="0"/>
        <line num="463" type="stmt" count="0"/>
        <line num="464" type="stmt" count="0"/>
        <line num="466" type="stmt" count="0"/>
        <line num="475" type="method" name="setItemName" crap="2" count="0"/>
        <line num="477" type="stmt" count="0"/>
        <line num="478" type="stmt" count="0"/>
        <line num="486" type="method" name="getItemName" crap="2" count="0"/>
        <line num="488" type="stmt" count="0"/>
        <line num="496" type="method" name="getContextName" crap="2" count="0"/>
        <line num="498" type="stmt" count="0"/>
        <line num="507" type="method" name="setContextName" crap="2" count="0"/>
        <line num="509" type="stmt" count="0"/>
        <line num="510" type="stmt" count="0"/>
        <line num="519" type="method" name="setParsedAttributes" crap="2" count="0"/>
        <line num="521" type="stmt" count="0"/>
        <line num="522" type="stmt" count="0"/>
        <line num="530" type="method" name="getParsedAttributes" crap="2" count="0"/>
        <line num="532" type="stmt" count="0"/>
        <line num="540" type="method" name="getRootNode" crap="6" count="0"/>
        <line num="542" type="stmt" count="0"/>
        <line num="544" type="stmt" count="0"/>
        <line num="545" type="stmt" count="0"/>
        <line num="546" type="stmt" count="0"/>
        <line num="548" type="stmt" count="0"/>
        <line num="557" type="method" name="setEnvironment" crap="2" count="0"/>
        <line num="559" type="stmt" count="0"/>
        <line num="560" type="stmt" count="0"/>
        <line num="568" type="method" name="getLexicon" crap="2" count="0"/>
        <line num="570" type="stmt" count="0"/>
        <line num="578" type="method" name="getFooter" crap="2" count="0"/>
        <line num="580" type="stmt" count="0"/>
        <line num="589" type="method" name="getSingleTagMatches" crap="12" count="0"/>
        <line num="591" type="stmt" count="0"/>
        <line num="597" type="stmt" count="0"/>
        <line num="598" type="stmt" count="0"/>
        <line num="599" type="stmt" count="0"/>
        <line num="600" type="stmt" count="0"/>
        <line num="602" type="stmt" count="0"/>
        <line num="603" type="stmt" count="0"/>
        <line num="604" type="stmt" count="0"/>
        <line num="605" type="stmt" count="0"/>
        <line num="606" type="stmt" count="0"/>
        <line num="608" type="stmt" count="0"/>
        <line num="616" type="method" name="createChildNodes" crap="20" count="0"/>
        <line num="618" type="stmt" count="0"/>
        <line num="619" type="stmt" count="0"/>
        <line num="620" type="stmt" count="0"/>
        <line num="621" type="stmt" count="0"/>
        <line num="622" type="stmt" count="0"/>
        <line num="623" type="stmt" count="0"/>
        <line num="624" type="stmt" count="0"/>
        <line num="625" type="stmt" count="0"/>
        <line num="627" type="stmt" count="0"/>
        <line num="638" type="method" name="createChildNode" crap="2" count="0"/>
        <line num="640" type="stmt" count="0"/>
        <line num="641" type="stmt" count="0"/>
        <line num="642" type="stmt" count="0"/>
        <line num="643" type="stmt" count="0"/>
        <line num="645" type="stmt" count="0"/>
        <line num="647" type="stmt" count="0"/>
        <line num="649" type="stmt" count="0"/>
        <line num="651" type="stmt" count="0"/>
        <line num="660" type="method" name="extract" crap="12" count="0"/>
        <line num="662" type="stmt" count="0"/>
        <line num="663" type="stmt" count="0"/>
        <line num="664" type="stmt" count="0"/>
        <line num="665" type="stmt" count="0"/>
        <line num="666" type="stmt" count="0"/>
        <line num="667" type="stmt" count="0"/>
        <line num="668" type="stmt" count="0"/>
        <line num="669" type="stmt" count="0"/>
        <line num="670" type="stmt" count="0"/>
        <line num="672" type="stmt" count="0"/>
        <line num="673" type="stmt" count="0"/>
        <line num="674" type="stmt" count="0"/>
        <line num="675" type="stmt" count="0"/>
        <line num="676" type="stmt" count="0"/>
        <line num="677" type="stmt" count="0"/>
        <line num="678" type="stmt" count="0"/>
        <line num="679" type="stmt" count="0"/>
        <line num="680" type="stmt" count="0"/>
        <line num="682" type="stmt" count="0"/>
        <line num="683" type="stmt" count="0"/>
        <line num="684" type="stmt" count="0"/>
        <line num="685" type="stmt" count="0"/>
        <line num="686" type="stmt" count="0"/>
        <line num="687" type="stmt" count="0"/>
        <line num="688" type="stmt" count="0"/>
        <line num="690" type="stmt" count="0"/>
        <line num="692" type="stmt" count="0"/>
        <line num="701" type="method" name="inject" crap="72" count="0"/>
        <line num="704" type="stmt" count="0"/>
        <line num="705" type="stmt" count="0"/>
        <line num="706" type="stmt" count="0"/>
        <line num="707" type="stmt" count="0"/>
        <line num="708" type="stmt" count="0"/>
        <line num="709" type="stmt" count="0"/>
        <line num="710" type="stmt" count="0"/>
        <line num="711" type="stmt" count="0"/>
        <line num="712" type="stmt" count="0"/>
        <line num="714" type="stmt" count="0"/>
        <line num="715" type="stmt" count="0"/>
        <line num="716" type="stmt" count="0"/>
        <line num="717" type="stmt" count="0"/>
        <line num="718" type="stmt" count="0"/>
        <line num="719" type="stmt" count="0"/>
        <line num="720" type="stmt" count="0"/>
        <line num="721" type="stmt" count="0"/>
        <line num="722" type="stmt" count="0"/>
        <line num="724" type="stmt" count="0"/>
        <line num="725" type="stmt" count="0"/>
        <line num="726" type="stmt" count="0"/>
        <line num="727" type="stmt" count="0"/>
        <line num="730" type="stmt" count="0"/>
        <line num="731" type="stmt" count="0"/>
        <line num="732" type="stmt" count="0"/>
        <line num="733" type="stmt" count="0"/>
        <line num="734" type="stmt" count="0"/>
        <line num="735" type="stmt" count="0"/>
        <line num="736" type="stmt" count="0"/>
        <line num="738" type="stmt" count="0"/>
        <line num="747" type="method" name="php" crap="6" count="0"/>
        <line num="749" type="stmt" count="0"/>
        <line num="750" type="stmt" count="0"/>
        <line num="752" type="stmt" count="0"/>
        <line num="758" type="method" name="getContextFinder" crap="2" count="0"/>
        <line num="760" type="stmt" count="0"/>
        <line num="767" type="method" name="setLoopItemName" crap="2" count="0"/>
        <line num="769" type="stmt" count="0"/>
        <line num="770" type="stmt" count="0"/>
        <line num="778" type="method" name="getLoopItemName" crap="2" count="0"/>
        <line num="780" type="stmt" count="0"/>
        <line num="789" type="method" name="setValidator" crap="2" count="0"/>
        <line num="791" type="stmt" count="0"/>
        <line num="792" type="stmt" count="0"/>
        <line num="800" type="method" name="getValidator" crap="2" count="0"/>
        <line num="802" type="stmt" count="0"/>
        <line num="811" type="method" name="validate" crap="6" count="0"/>
        <line num="813" type="stmt" count="0"/>
        <line num="814" type="stmt" count="0"/>
        <line num="817" type="stmt" count="0"/>
        <line num="825" type="method" name="isValid" crap="2" count="0"/>
        <line num="827" type="stmt" count="0"/>
        <line num="835" type="method" name="isFilter" crap="2" count="0"/>
        <line num="837" type="stmt" count="0"/>
        <line num="845" type="method" name="isParse" crap="2" count="0"/>
        <line num="847" type="stmt" count="0"/>
        <line num="855" type="method" name="getVariableRegex" crap="6" count="0"/>
        <line num="857" type="stmt" count="0"/>
        <line num="859" type="stmt" count="0"/>
        <line num="868" type="method" name="getClosingTagRegex" crap="2" count="0"/>
        <line num="870" type="stmt" count="0"/>
        <line num="878" type="method" name="getEmbeddedAttributeRegexMatcher" crap="2" count="0"/>
        <line num="880" type="stmt" count="0"/>
        <line num="889" type="method" name="getEmbeddedMatches" crap="2" count="0"/>
        <line num="891" type="stmt" count="0"/>
        <line num="901" type="method" name="getMatch" crap="2" count="0"/>
        <line num="903" type="stmt" count="0"/>
        <line num="904" type="stmt" count="0"/>
        <line num="905" type="stmt" count="0"/>
        <line num="915" type="method" name="getMatches" crap="6" count="0"/>
        <line num="917" type="stmt" count="0"/>
        <line num="918" type="stmt" count="0"/>
        <line num="919" type="stmt" count="0"/>
        <line num="921" type="stmt" count="0"/>
        <line num="922" type="stmt" count="0"/>
        <line num="923" type="stmt" count="0"/>
        <line num="932" type="method" name="compress" crap="2" count="0"/>
        <line num="934" type="stmt" count="0"/>
        <metrics loc="935" ncloc="526" classes="1" methods="60" coveredmethods="1" conditionals="0" coveredconditionals="0" statements="196" coveredstatements="2" elements="256" coveredelements="3"/>
      </file>
      <file name="/Users/ob/Sites/laravel/laravel43/workbench/anomaly/lexicon/src/Anomaly/Lexicon/Node/Recursive.php">
        <class name="Recursive" namespace="Anomaly\Lexicon\Node">
          <metrics methods="1" coveredmethods="0" conditionals="0" coveredconditionals="0" statements="8" coveredstatements="0" elements="9" coveredelements="0"/>
        </class>
        <line num="19" type="method" name="compile" crap="30" count="0"/>
        <line num="21" type="stmt" count="0"/>
        <line num="22" type="stmt" count="0"/>
        <line num="23" type="stmt" count="0"/>
        <line num="24" type="stmt" count="0"/>
        <line num="25" type="stmt" count="0"/>
        <line num="26" type="stmt" count="0"/>
        <line num="27" type="stmt" count="0"/>
        <line num="30" type="stmt" count="0"/>
        <metrics loc="31" ncloc="21" classes="1" methods="1" coveredmethods="0" conditionals="0" coveredconditionals="0" statements="8" coveredstatements="0" elements="9" coveredelements="0"/>
      </file>
      <file name="/Users/ob/Sites/laravel/laravel43/workbench/anomaly/lexicon/src/Anomaly/Lexicon/Node/Section.php">
        <class name="Section" namespace="Anomaly\Lexicon\Node">
          <metrics methods="1" coveredmethods="0" conditionals="0" coveredconditionals="0" statements="4" coveredstatements="0" elements="5" coveredelements="0"/>
        </class>
        <line num="20" type="method" name="compile" crap="6" count="0"/>
        <line num="22" type="stmt" count="0"/>
        <line num="24" type="stmt" count="0"/>
        <line num="25" type="stmt" count="0"/>
        <line num="28" type="stmt" count="0"/>
        <metrics loc="30" ncloc="20" classes="1" methods="1" coveredmethods="0" conditionals="0" coveredconditionals="0" statements="4" coveredstatements="0" elements="5" coveredelements="0"/>
      </file>
      <file name="/Users/ob/Sites/laravel/laravel43/workbench/anomaly/lexicon/src/Anomaly/Lexicon/Node/SectionAppend.php">
        <class name="SectionAppend" namespace="Anomaly\Lexicon\Node">
          <metrics methods="1" coveredmethods="0" conditionals="0" coveredconditionals="0" statements="1" coveredstatements="0" elements="2" coveredelements="0"/>
        </class>
        <line num="20" type="method" name="compile" crap="2" count="0"/>
        <line num="22" type="stmt" count="0"/>
        <metrics loc="24" ncloc="14" classes="1" methods="1" coveredmethods="0" conditionals="0" coveredconditionals="0" statements="1" coveredstatements="0" elements="2" coveredelements="0"/>
      </file>
      <file name="/Users/ob/Sites/laravel/laravel43/workbench/anomaly/lexicon/src/Anomaly/Lexicon/Node/SectionExtends.php">
        <class name="SectionExtends" namespace="Anomaly\Lexicon\Node">
          <metrics methods="1" coveredmethods="0" conditionals="0" coveredconditionals="0" statements="8" coveredstatements="0" elements="9" coveredelements="0"/>
        </class>
        <line num="18" type="method" name="compile" crap="6" count="0"/>
        <line num="20" type="stmt" count="0"/>
        <line num="22" type="stmt" count="0"/>
        <line num="24" type="stmt" count="0"/>
        <line num="25" type="stmt" count="0"/>
        <line num="26" type="stmt" count="0"/>
        <line num="27" type="stmt" count="0"/>
        <line num="28" type="stmt" count="0"/>
        <line num="30" type="stmt" count="0"/>
        <metrics loc="32" ncloc="22" classes="1" methods="1" coveredmethods="0" conditionals="0" coveredconditionals="0" statements="8" coveredstatements="0" elements="9" coveredelements="0"/>
      </file>
      <file name="/Users/ob/Sites/laravel/laravel43/workbench/anomaly/lexicon/src/Anomaly/Lexicon/Node/SectionOverwrite.php">
        <class name="SectionOverwrite" namespace="Anomaly\Lexicon\Node">
          <metrics methods="1" coveredmethods="0" conditionals="0" coveredconditionals="0" statements="1" coveredstatements="0" elements="2" coveredelements="0"/>
        </class>
        <line num="20" type="method" name="compile" crap="2" count="0"/>
        <line num="22" type="stmt" count="0"/>
        <metrics loc="24" ncloc="14" classes="1" methods="1" coveredmethods="0" conditionals="0" coveredconditionals="0" statements="1" coveredstatements="0" elements="2" coveredelements="0"/>
      </file>
      <file name="/Users/ob/Sites/laravel/laravel43/workbench/anomaly/lexicon/src/Anomaly/Lexicon/Node/SectionShow.php">
        <class name="SectionShow" namespace="Anomaly\Lexicon\Node">
          <metrics methods="1" coveredmethods="0" conditionals="0" coveredconditionals="0" statements="1" coveredstatements="0" elements="2" coveredelements="0"/>
        </class>
        <line num="20" type="method" name="compile" crap="2" count="0"/>
        <line num="22" type="stmt" count="0"/>
        <metrics loc="24" ncloc="14" classes="1" methods="1" coveredmethods="0" conditionals="0" coveredconditionals="0" statements="1" coveredstatements="0" elements="2" coveredelements="0"/>
      </file>
      <file name="/Users/ob/Sites/laravel/laravel43/workbench/anomaly/lexicon/src/Anomaly/Lexicon/Node/SectionStop.php">
        <class name="SectionStop" namespace="Anomaly\Lexicon\Node">
          <metrics methods="1" coveredmethods="0" conditionals="0" coveredconditionals="0" statements="1" coveredstatements="0" elements="2" coveredelements="0"/>
        </class>
        <line num="20" type="method" name="compile" crap="2" count="0"/>
        <line num="22" type="stmt" count="0"/>
        <metrics loc="24" ncloc="14" classes="1" methods="1" coveredmethods="0" conditionals="0" coveredconditionals="0" statements="1" coveredstatements="0" elements="2" coveredelements="0"/>
      </file>
      <file name="/Users/ob/Sites/laravel/laravel43/workbench/anomaly/lexicon/src/Anomaly/Lexicon/Node/SectionYield.php">
        <class name="SectionYield" namespace="Anomaly\Lexicon\Node">
          <metrics methods="1" coveredmethods="0" conditionals="0" coveredconditionals="0" statements="4" coveredstatements="0" elements="5" coveredelements="0"/>
        </class>
        <line num="20" type="method" name="compile" crap="6" count="0"/>
        <line num="22" type="stmt" count="0"/>
        <line num="24" type="stmt" count="0"/>
        <line num="25" type="stmt" count="0"/>
        <line num="28" type="stmt" count="0"/>
        <metrics loc="30" ncloc="20" classes="1" methods="1" coveredmethods="0" conditionals="0" coveredconditionals="0" statements="4" coveredstatements="0" elements="5" coveredelements="0"/>
      </file>
      <file name="/Users/ob/Sites/laravel/laravel43/workbench/anomaly/lexicon/src/Anomaly/Lexicon/Node/Single.php">
        <class name="Single" namespace="Anomaly\Lexicon\Node">
          <metrics methods="2" coveredmethods="0" conditionals="0" coveredconditionals="0" statements="12" coveredstatements="0" elements="14" coveredelements="0"/>
        </class>
        <line num="5" type="method" name="regex" crap="2" count="0"/>
        <line num="7" type="stmt" count="0"/>
        <line num="10" type="method" name="setup" crap="56" count="0"/>
        <line num="12" type="stmt" count="0"/>
        <line num="14" type="stmt" count="0"/>
        <line num="16" type="stmt" count="0"/>
        <line num="18" type="stmt" count="0"/>
        <line num="20" type="stmt" count="0"/>
        <line num="22" type="stmt" count="0"/>
        <line num="24" type="stmt" count="0"/>
        <line num="25" type="stmt" count="0"/>
        <line num="26" type="stmt" count="0"/>
        <line num="27" type="stmt" count="0"/>
        <line num="28" type="stmt" count="0"/>
        <metrics loc="29" ncloc="29" classes="1" methods="2" coveredmethods="0" conditionals="0" coveredconditionals="0" statements="12" coveredstatements="0" elements="14" coveredelements="0"/>
      </file>
      <file name="/Users/ob/Sites/laravel/laravel43/workbench/anomaly/lexicon/src/Anomaly/Lexicon/Node/SingleNull.php">
        <class name="SingleNull" namespace="Anomaly\Lexicon\Node">
          <metrics methods="1" coveredmethods="0" conditionals="0" coveredconditionals="0" statements="1" coveredstatements="0" elements="2" coveredelements="0"/>
        </class>
        <line num="10" type="method" name="compile" crap="2" count="0"/>
        <line num="12" type="stmt" count="0"/>
        <metrics loc="13" ncloc="8" classes="1" methods="1" coveredmethods="0" conditionals="0" coveredconditionals="0" statements="1" coveredstatements="0" elements="2" coveredelements="0"/>
      </file>
      <file name="/Users/ob/Sites/laravel/laravel43/workbench/anomaly/lexicon/src/Anomaly/Lexicon/Node/SingleRemain.php">
        <class name="SingleRemain" namespace="Anomaly\Lexicon\Node">
          <metrics methods="1" coveredmethods="0" conditionals="0" coveredconditionals="0" statements="1" coveredstatements="0" elements="2" coveredelements="0"/>
        </class>
        <line num="23" type="method" name="compile" crap="2" count="0"/>
        <line num="25" type="stmt" count="0"/>
        <metrics loc="26" ncloc="13" classes="1" methods="1" coveredmethods="0" conditionals="0" coveredconditionals="0" statements="1" coveredstatements="0" elements="2" coveredelements="0"/>
      </file>
      <file name="/Users/ob/Sites/laravel/laravel43/workbench/anomaly/lexicon/src/Anomaly/Lexicon/Node/Variable.php">
        <class name="Variable" namespace="Anomaly\Lexicon\Node">
          <metrics methods="7" coveredmethods="0" conditionals="0" coveredconditionals="0" statements="21" coveredstatements="0" elements="28" coveredelements="0"/>
        </class>
        <line num="20" type="method" name="setIsEmbedded" crap="2" count="0"/>
        <line num="22" type="stmt" count="0"/>
        <line num="23" type="stmt" count="0"/>
        <line num="31" type="method" name="isEmbedded" crap="2" count="0"/>
        <line num="33" type="stmt" count="0"/>
        <line num="36" type="method" name="regex" crap="2" count="0"/>
        <line num="38" type="stmt" count="0"/>
        <line num="41" type="method" name="compile" crap="6" count="0"/>
        <line num="43" type="stmt" count="0"/>
        <line num="45" type="stmt" count="0"/>
        <line num="46" type="stmt" count="0"/>
        <line num="47" type="stmt" count="0"/>
        <line num="48" type="stmt" count="0"/>
        <line num="50" type="stmt" count="0"/>
        <line num="53" type="method" name="compileKey" crap="2" count="0"/>
        <line num="55" type="stmt" count="0"/>
        <line num="63" type="method" name="compileNamedFromOrderedKey" crap="6" count="0"/>
        <line num="65" type="stmt" count="0"/>
        <line num="67" type="stmt" count="0"/>
        <line num="69" type="stmt" count="0"/>
        <line num="71" type="stmt" count="0"/>
        <line num="74" type="stmt" count="0"/>
        <line num="77" type="method" name="compileVariable" crap="2" count="0"/>
        <line num="79" type="stmt" count="0"/>
        <line num="81" type="stmt" count="0"/>
        <line num="83" type="stmt" count="0"/>
        <line num="85" type="stmt" count="0"/>
        <line num="86" type="stmt" count="0"/>
        <metrics loc="87" ncloc="66" classes="1" methods="7" coveredmethods="0" conditionals="0" coveredconditionals="0" statements="21" coveredstatements="0" elements="28" coveredelements="0"/>
      </file>
      <file name="/Users/ob/Sites/laravel/laravel43/workbench/anomaly/lexicon/src/Anomaly/Lexicon/Node/VariableEscaped.php">
        <class name="VariableEscaped" namespace="Anomaly\Lexicon\Node">
          <metrics methods="2" coveredmethods="0" conditionals="0" coveredconditionals="0" statements="2" coveredstatements="0" elements="4" coveredelements="0"/>
        </class>
        <line num="10" type="method" name="regex" crap="2" count="0"/>
        <line num="12" type="stmt" count="0"/>
        <line num="20" type="method" name="compileVariable" crap="2" count="0"/>
        <line num="22" type="stmt" count="0"/>
        <metrics loc="23" ncloc="13" classes="1" methods="2" coveredmethods="0" conditionals="0" coveredconditionals="0" statements="2" coveredstatements="0" elements="4" coveredelements="0"/>
      </file>
    </package>
    <package name="Anomaly\Lexicon\Plugin">
      <file name="/Users/ob/Sites/laravel/laravel43/workbench/anomaly/lexicon/src/Anomaly/Lexicon/Plugin/PluginHandler.php">
        <class name="PluginHandler" namespace="Anomaly\Lexicon\Plugin">
          <metrics methods="8" coveredmethods="2" conditionals="0" coveredconditionals="0" statements="37" coveredstatements="4" elements="45" coveredelements="6"/>
        </class>
        <line num="27" type="method" name="setEnvironment" crap="1" count="15"/>
        <line num="29" type="stmt" count="15"/>
        <line num="30" type="stmt" count="15"/>
        <line num="36" type="method" name="getLexicon" crap="2" count="0"/>
        <line num="38" type="stmt" count="0"/>
        <line num="48" type="method" name="register" crap="1" count="15"/>
        <line num="50" type="stmt" count="15"/>
        <line num="51" type="stmt" count="15"/>
        <line num="60" type="method" name="get" crap="12" count="0"/>
        <line num="62" type="stmt" count="0"/>
        <line num="64" type="stmt" count="0"/>
        <line num="65" type="stmt" count="0"/>
        <line num="66" type="stmt" count="0"/>
        <line num="69" type="stmt" count="0"/>
        <line num="80" type="method" name="call" crap="12" count="0"/>
        <line num="82" type="stmt" count="0"/>
        <line num="83" type="stmt" count="0"/>
        <line num="85" type="stmt" count="0"/>
        <line num="87" type="stmt" count="0"/>
        <line num="88" type="stmt" count="0"/>
        <line num="91" type="stmt" count="0"/>
        <line num="93" type="stmt" count="0"/>
        <line num="94" type="stmt" count="0"/>
        <line num="95" type="stmt" count="0"/>
        <line num="97" type="stmt" count="0"/>
        <line num="99" type="stmt" count="0"/>
        <line num="108" type="method" name="isFilter" crap="12" count="0"/>
        <line num="110" type="stmt" count="0"/>
        <line num="111" type="stmt" count="0"/>
        <line num="112" type="stmt" count="0"/>
        <line num="113" type="stmt" count="0"/>
        <line num="115" type="stmt" count="0"/>
        <line num="117" type="stmt" count="0"/>
        <line num="126" type="method" name="isParse" crap="12" count="0"/>
        <line num="128" type="stmt" count="0"/>
        <line num="129" type="stmt" count="0"/>
        <line num="130" type="stmt" count="0"/>
        <line num="131" type="stmt" count="0"/>
        <line num="133" type="stmt" count="0"/>
        <line num="135" type="stmt" count="0"/>
        <line num="145" type="method" name="filter" crap="6" count="0"/>
        <line num="147" type="stmt" count="0"/>
        <line num="148" type="stmt" count="0"/>
        <line num="149" type="stmt" count="0"/>
        <line num="152" type="stmt" count="0"/>
        <metrics loc="154" ncloc="96" classes="1" methods="8" coveredmethods="2" conditionals="0" coveredconditionals="0" statements="37" coveredstatements="4" elements="45" coveredelements="6"/>
      </file>
    </package>
    <package name="Anomaly\Lexicon\View">
      <file name="/Users/ob/Sites/laravel/laravel43/workbench/anomaly/lexicon/src/Anomaly/Lexicon/View/Factory.php">
        <class name="Factory" namespace="Anomaly\Lexicon\View">
          <metrics methods="5" coveredmethods="0" conditionals="0" coveredconditionals="0" statements="60" coveredstatements="0" elements="65" coveredelements="0"/>
        </class>
        <line num="20" type="method" name="parse" crap="2" count="0"/>
        <line num="22" type="stmt" count="0"/>
        <line num="25" type="stmt" count="0"/>
        <line num="27" type="stmt" count="0"/>
        <line num="29" type="stmt" count="0"/>
        <line num="31" type="stmt" count="0"/>
        <line num="37" type="method" name="getLexicon" crap="2" count="0"/>
        <line num="39" type="stmt" count="0"/>
        <line num="47" type="method" name="getLexiconEngine" crap="2" count="0"/>
        <line num="49" type="stmt" count="0"/>
        <line num="60" type="method" name="compare" crap="2" count="0"/>
        <line num="62" type="stmt" count="0"/>
        <line num="74" type="method" name="variable" crap="1332" count="0"/>
        <line num="76" type="stmt" count="0"/>
        <line num="78" type="stmt" count="0"/>
        <line num="80" type="stmt" count="0"/>
        <line num="82" type="stmt" count="0"/>
        <line num="84" type="stmt" count="0"/>
        <line num="85" type="stmt" count="0"/>
        <line num="87" type="stmt" count="0"/>
        <line num="88" type="stmt" count="0"/>
        <line num="89" type="stmt" count="0"/>
        <line num="91" type="stmt" count="0"/>
        <line num="92" type="stmt" count="0"/>
        <line num="94" type="stmt" count="0"/>
        <line num="95" type="stmt" count="0"/>
        <line num="97" type="stmt" count="0"/>
        <line num="99" type="stmt" count="0"/>
        <line num="101" type="stmt" count="0"/>
        <line num="103" type="stmt" count="0"/>
        <line num="104" type="stmt" count="0"/>
        <line num="105" type="stmt" count="0"/>
        <line num="108" type="stmt" count="0"/>
        <line num="109" type="stmt" count="0"/>
        <line num="112" type="stmt" count="0"/>
        <line num="113" type="stmt" count="0"/>
        <line num="117" type="stmt" count="0"/>
        <line num="118" type="stmt" count="0"/>
        <line num="119" type="stmt" count="0"/>
        <line num="120" type="stmt" count="0"/>
        <line num="121" type="stmt" count="0"/>
        <line num="122" type="stmt" count="0"/>
        <line num="123" type="stmt" count="0"/>
        <line num="124" type="stmt" count="0"/>
        <line num="125" type="stmt" count="0"/>
        <line num="126" type="stmt" count="0"/>
        <line num="127" type="stmt" count="0"/>
        <line num="128" type="stmt" count="0"/>
        <line num="129" type="stmt" count="0"/>
        <line num="131" type="stmt" count="0"/>
        <line num="132" type="stmt" count="0"/>
        <line num="133" type="stmt" count="0"/>
        <line num="134" type="stmt" count="0"/>
        <line num="137" type="stmt" count="0"/>
        <line num="138" type="stmt" count="0"/>
        <line num="140" type="stmt" count="0"/>
        <line num="141" type="stmt" count="0"/>
        <line num="142" type="stmt" count="0"/>
        <line num="143" type="stmt" count="0"/>
        <line num="144" type="stmt" count="0"/>
        <line num="145" type="stmt" count="0"/>
        <line num="146" type="stmt" count="0"/>
        <line num="147" type="stmt" count="0"/>
        <line num="148" type="stmt" count="0"/>
        <line num="151" type="stmt" count="0"/>
        <metrics loc="153" ncloc="107" classes="1" methods="5" coveredmethods="0" conditionals="0" coveredconditionals="0" statements="60" coveredstatements="0" elements="65" coveredelements="0"/>
      </file>
    </package>
    <file name="/Users/ob/Sites/laravel/laravel43/workbench/anomaly/lexicon/src/config/config.php">
      <line num="11" type="stmt" count="15"/>
      <line num="16" type="stmt" count="15"/>
      <line num="21" type="stmt" count="15"/>
      <line num="26" type="stmt" count="15"/>
      <line num="32" type="stmt" count="15"/>
      <line num="33" type="stmt" count="15"/>
      <line num="34" type="stmt" count="15"/>
      <line num="35" type="stmt" count="15"/>
      <line num="40" type="stmt" count="15"/>
      <line num="41" type="stmt" count="15"/>
      <line num="42" type="stmt" count="15"/>
      <line num="46" type="stmt" count="15"/>
      <line num="50" type="stmt" count="15"/>
      <line num="59" type="stmt" count="15"/>
      <line num="60" type="stmt" count="15"/>
      <line num="61" type="stmt" count="15"/>
      <line num="62" type="stmt" count="15"/>
      <line num="63" type="stmt" count="15"/>
      <line num="64" type="stmt" count="15"/>
      <line num="65" type="stmt" count="15"/>
      <line num="66" type="stmt" count="15"/>
      <line num="67" type="stmt" count="15"/>
      <line num="68" type="stmt" count="15"/>
      <line num="69" type="stmt" count="15"/>
      <line num="70" type="stmt" count="15"/>
      <line num="71" type="stmt" count="15"/>
      <line num="72" type="stmt" count="15"/>
      <line num="73" type="stmt" count="15"/>
      <line num="74" type="stmt" count="15"/>
      <line num="75" type="stmt" count="15"/>
      <line num="76" type="stmt" count="15"/>
      <line num="77" type="stmt" count="15"/>
      <line num="82" type="stmt" count="15"/>
      <line num="83" type="stmt" count="15"/>
      <line num="84" type="stmt" count="15"/>
      <line num="85" type="stmt" count="15"/>
      <line num="86" type="stmt" count="15"/>
      <line num="87" type="stmt" count="15"/>
      <line num="88" type="stmt" count="15"/>
      <line num="89" type="stmt" count="15"/>
      <line num="90" type="stmt" count="15"/>
      <line num="91" type="stmt" count="15"/>
      <line num="92" type="stmt" count="15"/>
      <line num="97" type="stmt" count="15"/>
      <line num="98" type="stmt" count="15"/>
      <line num="99" type="stmt" count="15"/>
      <line num="100" type="stmt" count="15"/>
      <line num="101" type="stmt" count="15"/>
      <line num="102" type="stmt" count="15"/>
      <line num="103" type="stmt" count="15"/>
      <line num="105" type="stmt" count="15"/>
      <line num="109" type="stmt" count="15"/>
      <line num="110" type="stmt" count="15"/>
      <line num="111" type="stmt" count="15"/>
      <line num="112" type="stmt" count="15"/>
      <metrics loc="111" ncloc="65" classes="0" methods="0" coveredmethods="0" conditionals="0" coveredconditionals="0" statements="54" coveredstatements="54" elements="54" coveredelements="54"/>
    </file>
    <metrics files="29" loc="3001" ncloc="1756" classes="28" methods="148" coveredmethods="16" conditionals="0" coveredconditionals="0" statements="612" coveredstatements="96" elements="760" coveredelements="112"/>
  </project>
</coverage>
