<?xml version="1.0" encoding="UTF-8"?>
<coverage generated="1410403644">
  <project timestamp="1410403644">
    <package name="Anomaly\Lexicon\Attribute">
      <file name="/Users/ob/Sites/laravel/laravel43/workbench/anomaly/lexicon/src/Anomaly/Lexicon/Attribute/AttributeNode.php">
        <class name="AttributeNode" namespace="Anomaly\Lexicon\Attribute">
          <metrics methods="18" coveredmethods="1" conditionals="0" coveredconditionals="0" statements="56" coveredstatements="3" elements="74" coveredelements="4"/>
        </class>
        <line num="47" type="method" name="__construct" crap="1" count="1"/>
        <line num="49" type="stmt" count="1"/>
        <line num="50" type="stmt" count="1"/>
        <line num="51" type="stmt" count="1"/>
        <line num="59" type="method" name="setup" crap="20" count="0"/>
        <line num="63" type="stmt" count="0"/>
        <line num="64" type="stmt" count="0"/>
        <line num="65" type="stmt" count="0"/>
        <line num="66" type="stmt" count="0"/>
        <line num="68" type="stmt" count="0"/>
        <line num="69" type="stmt" count="0"/>
        <line num="71" type="method" name="parse" crap="6" count="0"/>
        <line num="74" type="stmt" count="0"/>
        <line num="76" type="stmt" count="0"/>
        <line num="78" type="stmt" count="0"/>
        <line num="79" type="stmt" count="0"/>
        <line num="80" type="stmt" count="0"/>
        <line num="81" type="stmt" count="0"/>
        <line num="83" type="stmt" count="0"/>
        <line num="85" type="stmt" count="0"/>
        <line num="86" type="stmt" count="0"/>
        <line num="87" type="stmt" count="0"/>
        <line num="88" type="stmt" count="0"/>
        <line num="89" type="stmt" count="0"/>
        <line num="91" type="stmt" count="0"/>
        <line num="92" type="stmt" count="0"/>
        <line num="94" type="stmt" count="0"/>
        <line num="95" type="stmt" count="0"/>
        <line num="97" type="method" name="getExtractionIds" crap="2" count="0"/>
        <line num="99" type="stmt" count="0"/>
        <line num="108" type="method" name="regex" crap="2" count="0"/>
        <line num="110" type="stmt" count="0"/>
        <line num="119" type="method" name="setEmbeddedAttribute" crap="2" count="0"/>
        <line num="121" type="stmt" count="0"/>
        <line num="122" type="stmt" count="0"/>
        <line num="131" type="method" name="setKey" crap="2" count="0"/>
        <line num="133" type="stmt" count="0"/>
        <line num="134" type="stmt" count="0"/>
        <line num="142" type="method" name="getKey" crap="2" count="0"/>
        <line num="144" type="stmt" count="0"/>
        <line num="153" type="method" name="setValue" crap="2" count="0"/>
        <line num="155" type="stmt" count="0"/>
        <line num="156" type="stmt" count="0"/>
        <line num="164" type="method" name="getValue" crap="2" count="0"/>
        <line num="167" type="stmt" count="0"/>
        <line num="175" type="method" name="getEmbeddedId" crap="2" count="0"/>
        <line num="177" type="stmt" count="0"/>
        <line num="185" type="method" name="getEmbeddedAttribute" crap="2" count="0"/>
        <line num="187" type="stmt" count="0"/>
        <line num="195" type="method" name="compileKey" crap="2" count="0"/>
        <line num="197" type="stmt" count="0"/>
        <line num="205" type="method" name="compileNamedFromOrderedKey" crap="12" count="0"/>
        <line num="207" type="stmt" count="0"/>
        <line num="209" type="stmt" count="0"/>
        <line num="211" type="stmt" count="0"/>
        <line num="213" type="stmt" count="0"/>
        <line num="216" type="stmt" count="0"/>
        <line num="219" type="method" name="newVariableNode" crap="2" count="0"/>
        <line num="221" type="stmt" count="0"/>
        <line num="224" type="method" name="compileEmbedded" crap="2" count="0"/>
        <line num="226" type="stmt" count="0"/>
        <line num="228" type="stmt" count="0"/>
        <line num="230" type="stmt" count="0"/>
        <line num="233" type="method" name="compileLiteral" crap="2" count="0"/>
        <line num="235" type="stmt" count="0"/>
        <line num="238" type="method" name="compile" crap="12" count="0"/>
        <line num="240" type="stmt" count="0"/>
        <line num="241" type="stmt" count="0"/>
        <line num="242" type="stmt" count="0"/>
        <line num="244" type="stmt" count="0"/>
        <line num="245" type="stmt" count="0"/>
        <line num="246" type="stmt" count="0"/>
        <line num="248" type="stmt" count="0"/>
        <line num="250" type="stmt" count="0"/>
        <metrics loc="251" ncloc="168" classes="1" methods="18" coveredmethods="1" conditionals="0" coveredconditionals="0" statements="56" coveredstatements="3" elements="74" coveredelements="4"/>
      </file>
      <file name="/Users/ob/Sites/laravel/laravel43/workbench/anomaly/lexicon/src/Anomaly/Lexicon/Attribute/AttributeParser.php">
        <class name="AttributeParser" namespace="Anomaly\Lexicon\Attribute">
          <metrics methods="17" coveredmethods="1" conditionals="0" coveredconditionals="0" statements="90" coveredstatements="31" elements="107" coveredelements="32"/>
        </class>
        <line num="50" type="method" name="__construct" crap="1" count="1"/>
        <line num="52" type="stmt" count="1"/>
        <line num="53" type="stmt" count="1"/>
        <line num="54" type="stmt" count="1"/>
        <line num="55" type="stmt" count="1"/>
        <line num="56" type="stmt" count="1"/>
        <line num="57" type="stmt" count="1"/>
        <line num="58" type="stmt" count="1"/>
        <line num="68" type="method" name="parse" crap="3.10" count="1"/>
        <line num="73" type="stmt" count="1"/>
        <line num="74" type="stmt" count="1"/>
        <line num="75" type="stmt" count="1"/>
        <line num="76" type="stmt" count="0"/>
        <line num="77" type="stmt" count="0"/>
        <line num="78" type="stmt" count="1"/>
        <line num="81" type="stmt" count="1"/>
        <line num="83" type="stmt" count="1"/>
        <line num="85" type="stmt" count="1"/>
        <line num="88" type="method" name="getEmbeddedById" crap="6" count="0"/>
        <line num="90" type="stmt" count="0"/>
        <line num="93" type="method" name="newEmbeddedAttribute" crap="2" count="0"/>
        <line num="95" type="stmt" count="0"/>
        <line num="98" type="method" name="createEmbeddedAttributes" crap="2.15" count="1"/>
        <line num="100" type="stmt" count="1"/>
        <line num="102" type="stmt" count="1"/>
        <line num="104" type="stmt" count="0"/>
        <line num="106" type="stmt" count="0"/>
        <line num="107" type="stmt" count="1"/>
        <line num="109" type="stmt" count="1"/>
        <line num="112" type="method" name="createAttributeNodes" crap="2.86" count="1"/>
        <line num="114" type="stmt" count="1"/>
        <line num="116" type="stmt" count="1"/>
        <line num="118" type="stmt" count="0"/>
        <line num="119" type="stmt" count="0"/>
        <line num="120" type="stmt" count="0"/>
        <line num="121" type="stmt" count="0"/>
        <line num="123" type="stmt" count="0"/>
        <line num="125" type="stmt" count="0"/>
        <line num="126" type="stmt" count="1"/>
        <line num="128" type="stmt" count="1"/>
        <line num="131" type="method" name="extract" crap="2" count="0"/>
        <line num="133" type="stmt" count="0"/>
        <line num="134" type="stmt" count="0"/>
        <line num="135" type="stmt" count="0"/>
        <line num="136" type="stmt" count="0"/>
        <line num="137" type="stmt" count="0"/>
        <line num="139" type="stmt" count="0"/>
        <line num="140" type="stmt" count="0"/>
        <line num="142" type="method" name="getEmbeddedAttributeRegex" crap="2" count="0"/>
        <line num="144" type="stmt" count="0"/>
        <line num="147" type="method" name="getMatches" crap="2" count="0"/>
        <line num="149" type="stmt" count="0"/>
        <line num="152" type="method" name="getRegex" crap="2" count="0"/>
        <line num="154" type="stmt" count="0"/>
        <line num="157" type="method" name="getLexicon" crap="2" count="0"/>
        <line num="159" type="stmt" count="0"/>
        <line num="162" type="method" name="getAttributeNodes" crap="2" count="0"/>
        <line num="164" type="stmt" count="0"/>
        <line num="167" type="method" name="compileArray" crap="9.06" count="1"/>
        <line num="169" type="stmt" count="1"/>
        <line num="172" type="stmt" count="1"/>
        <line num="173" type="stmt" count="1"/>
        <line num="174" type="stmt" count="0"/>
        <line num="175" type="stmt" count="0"/>
        <line num="176" type="stmt" count="0"/>
        <line num="177" type="stmt" count="0"/>
        <line num="178" type="stmt" count="0"/>
        <line num="179" type="stmt" count="0"/>
        <line num="180" type="stmt" count="1"/>
        <line num="182" type="stmt" count="1"/>
        <line num="191" type="method" name="compileNamedFromOrderedArray" crap="30" count="0"/>
        <line num="193" type="stmt" count="0"/>
        <line num="196" type="stmt" count="0"/>
        <line num="197" type="stmt" count="0"/>
        <line num="198" type="stmt" count="0"/>
        <line num="199" type="stmt" count="0"/>
        <line num="200" type="stmt" count="0"/>
        <line num="201" type="stmt" count="0"/>
        <line num="202" type="stmt" count="0"/>
        <line num="203" type="stmt" count="0"/>
        <line num="204" type="stmt" count="0"/>
        <line num="206" type="stmt" count="0"/>
        <line num="217" type="method" name="compileAttribute" crap="12" count="0"/>
        <line num="219" type="stmt" count="0"/>
        <line num="221" type="stmt" count="0"/>
        <line num="222" type="stmt" count="0"/>
        <line num="223" type="stmt" count="0"/>
        <line num="224" type="stmt" count="0"/>
        <line num="227" type="stmt" count="0"/>
        <line num="236" type="method" name="compileNamedFromOrdered" crap="12" count="0"/>
        <line num="238" type="stmt" count="0"/>
        <line num="241" type="stmt" count="0"/>
        <line num="242" type="stmt" count="0"/>
        <line num="243" type="stmt" count="0"/>
        <line num="244" type="stmt" count="0"/>
        <line num="245" type="stmt" count="0"/>
        <line num="246" type="stmt" count="0"/>
        <line num="248" type="stmt" count="0"/>
        <line num="257" type="method" name="compile" crap="4.12" count="1"/>
        <line num="259" type="stmt" count="1"/>
        <line num="262" type="stmt" count="1"/>
        <line num="263" type="stmt" count="0"/>
        <line num="264" type="stmt" count="0"/>
        <line num="265" type="stmt" count="0"/>
        <line num="266" type="stmt" count="0"/>
        <line num="267" type="stmt" count="1"/>
        <line num="269" type="stmt" count="1"/>
        <metrics loc="270" ncloc="208" classes="1" methods="17" coveredmethods="1" conditionals="0" coveredconditionals="0" statements="90" coveredstatements="31" elements="107" coveredelements="32"/>
      </file>
      <file name="/Users/ob/Sites/laravel/laravel43/workbench/anomaly/lexicon/src/Anomaly/Lexicon/Attribute/OrderedAttributeNode.php">
        <class name="OrderedAttributeNode" namespace="Anomaly\Lexicon\Attribute">
          <metrics methods="3" coveredmethods="1" conditionals="0" coveredconditionals="0" statements="7" coveredstatements="1" elements="10" coveredelements="2"/>
        </class>
        <line num="7" type="method" name="setup" crap="12" count="0"/>
        <line num="9" type="stmt" count="0"/>
        <line num="10" type="stmt" count="0"/>
        <line num="11" type="stmt" count="0"/>
        <line num="13" type="stmt" count="0"/>
        <line num="14" type="stmt" count="0"/>
        <line num="16" type="method" name="regex" crap="1" count="1"/>
        <line num="18" type="stmt" count="1"/>
        <line num="21" type="method" name="getKey" crap="2" count="0"/>
        <line num="23" type="stmt" count="0"/>
        <metrics loc="25" ncloc="25" classes="1" methods="3" coveredmethods="1" conditionals="0" coveredconditionals="0" statements="7" coveredstatements="1" elements="10" coveredelements="2"/>
      </file>
    </package>
    <package name="Anomaly\Lexicon\Conditional">
      <file name="/Users/ob/Sites/laravel/laravel43/workbench/anomaly/lexicon/src/Anomaly/Lexicon/Conditional/ConditionalHandler.php">
        <class name="ConditionalHandler" namespace="Anomaly\Lexicon\Conditional">
          <metrics methods="6" coveredmethods="2" conditionals="0" coveredconditionals="0" statements="40" coveredstatements="6" elements="46" coveredelements="8"/>
        </class>
        <line num="18" type="method" name="registerBooleanTestType" crap="1" count="32"/>
        <line num="20" type="stmt" count="32"/>
        <line num="21" type="stmt" count="32"/>
        <line num="30" type="method" name="registerBooleanTestTypes" crap="2" count="32"/>
        <line num="32" type="stmt" count="32"/>
        <line num="33" type="stmt" count="32"/>
        <line num="34" type="stmt" count="32"/>
        <line num="35" type="stmt" count="32"/>
        <line num="43" type="method" name="getTestTypes" crap="2" count="0"/>
        <line num="45" type="stmt" count="0"/>
        <line num="53" type="method" name="getTestOperators" crap="12" count="0"/>
        <line num="55" type="stmt" count="0"/>
        <line num="57" type="stmt" count="0"/>
        <line num="58" type="stmt" count="0"/>
        <line num="59" type="stmt" count="0"/>
        <line num="60" type="stmt" count="0"/>
        <line num="61" type="stmt" count="0"/>
        <line num="62" type="stmt" count="0"/>
        <line num="64" type="stmt" count="0"/>
        <line num="75" type="method" name="compare" crap="90" count="0"/>
        <line num="77" type="stmt" count="0"/>
        <line num="81" type="stmt" count="0"/>
        <line num="82" type="stmt" count="0"/>
        <line num="84" type="stmt" count="0"/>
        <line num="85" type="stmt" count="0"/>
        <line num="87" type="stmt" count="0"/>
        <line num="88" type="stmt" count="0"/>
        <line num="90" type="stmt" count="0"/>
        <line num="91" type="stmt" count="0"/>
        <line num="93" type="stmt" count="0"/>
        <line num="94" type="stmt" count="0"/>
        <line num="96" type="stmt" count="0"/>
        <line num="97" type="stmt" count="0"/>
        <line num="99" type="stmt" count="0"/>
        <line num="100" type="stmt" count="0"/>
        <line num="102" type="stmt" count="0"/>
        <line num="103" type="stmt" count="0"/>
        <line num="105" type="stmt" count="0"/>
        <line num="106" type="stmt" count="0"/>
        <line num="107" type="stmt" count="0"/>
        <line num="118" type="method" name="runTest" crap="12" count="0"/>
        <line num="120" type="stmt" count="0"/>
        <line num="121" type="stmt" count="0"/>
        <line num="122" type="stmt" count="0"/>
        <line num="124" type="stmt" count="0"/>
        <line num="126" type="stmt" count="0"/>
        <metrics loc="127" ncloc="82" classes="1" methods="6" coveredmethods="2" conditionals="0" coveredconditionals="0" statements="40" coveredstatements="6" elements="46" coveredelements="8"/>
      </file>
    </package>
    <package name="Anomaly\Lexicon\Conditional\Test">
      <file name="/Users/ob/Sites/laravel/laravel43/workbench/anomaly/lexicon/src/Anomaly/Lexicon/Conditional/Test/TraversableTest.php">
        <class name="TraversableTest" namespace="Anomaly\Lexicon\Conditional\Test">
          <metrics methods="1" coveredmethods="0" conditionals="0" coveredconditionals="0" statements="9" coveredstatements="0" elements="10" coveredelements="0"/>
        </class>
        <line num="12" type="method" name="in" crap="30" count="0"/>
        <line num="14" type="stmt" count="0"/>
        <line num="16" type="stmt" count="0"/>
        <line num="17" type="stmt" count="0"/>
        <line num="18" type="stmt" count="0"/>
        <line num="19" type="stmt" count="0"/>
        <line num="20" type="stmt" count="0"/>
        <line num="22" type="stmt" count="0"/>
        <line num="23" type="stmt" count="0"/>
        <line num="25" type="stmt" count="0"/>
        <metrics loc="28" ncloc="22" classes="1" methods="1" coveredmethods="0" conditionals="0" coveredconditionals="0" statements="9" coveredstatements="0" elements="10" coveredelements="0"/>
      </file>
    </package>
    <package name="Anomaly\Lexicon">
      <file name="/Users/ob/Sites/laravel/laravel43/workbench/anomaly/lexicon/src/Anomaly/Lexicon/ContextFinder.php">
        <class name="ContextFinder" namespace="Anomaly\Lexicon">
          <metrics methods="9" coveredmethods="5" conditionals="0" coveredconditionals="0" statements="43" coveredstatements="24" elements="52" coveredelements="29"/>
        </class>
        <line num="31" type="method" name="__construct" crap="1" count="1"/>
        <line num="33" type="stmt" count="1"/>
        <line num="34" type="stmt" count="1"/>
        <line num="35" type="stmt" count="1"/>
        <line num="36" type="stmt" count="1"/>
        <line num="43" type="method" name="getName" crap="8.12" count="1"/>
        <line num="45" type="stmt" count="1"/>
        <line num="46" type="stmt" count="1"/>
        <line num="48" type="stmt" count="1"/>
        <line num="49" type="stmt" count="0"/>
        <line num="50" type="stmt" count="0"/>
        <line num="52" type="stmt" count="1"/>
        <line num="54" type="stmt" count="1"/>
        <line num="55" type="stmt" count="0"/>
        <line num="56" type="stmt" count="0"/>
        <line num="57" type="stmt" count="0"/>
        <line num="58" type="stmt" count="0"/>
        <line num="60" type="stmt" count="1"/>
        <line num="68" type="method" name="getItemName" crap="13.04" count="1"/>
        <line num="70" type="stmt" count="1"/>
        <line num="71" type="stmt" count="0"/>
        <line num="72" type="stmt" count="1"/>
        <line num="73" type="stmt" count="0"/>
        <line num="74" type="stmt" count="1"/>
        <line num="75" type="stmt" count="0"/>
        <line num="77" type="stmt" count="1"/>
        <line num="87" type="method" name="getPrefix" crap="3.21" count="1"/>
        <line num="89" type="stmt" count="1"/>
        <line num="91" type="stmt" count="1"/>
        <line num="93" type="stmt" count="1"/>
        <line num="95" type="stmt" count="1"/>
        <line num="96" type="stmt" count="0"/>
        <line num="97" type="stmt" count="0"/>
        <line num="99" type="stmt" count="1"/>
        <line num="108" type="method" name="findLoopItemNode" crap="42" count="0"/>
        <line num="110" type="stmt" count="0"/>
        <line num="111" type="stmt" count="0"/>
        <line num="112" type="stmt" count="0"/>
        <line num="113" type="stmt" count="0"/>
        <line num="114" type="stmt" count="0"/>
        <line num="115" type="stmt" count="0"/>
        <line num="117" type="stmt" count="0"/>
        <line num="119" type="stmt" count="0"/>
        <line num="127" type="method" name="isRootContextName" crap="1" count="1"/>
        <line num="129" type="stmt" count="1"/>
        <line num="133" type="method" name="isAlternateContextName" crap="2" count="1"/>
        <line num="135" type="stmt" count="1"/>
        <line num="138" type="method" name="hasMultipleScopes" crap="1" count="1"/>
        <line num="140" type="stmt" count="1"/>
        <line num="142" type="stmt" count="1"/>
        <line num="145" type="method" name="getRootStart" crap="1" count="1"/>
        <line num="147" type="stmt" count="1"/>
        <metrics loc="149" ncloc="109" classes="1" methods="9" coveredmethods="5" conditionals="0" coveredconditionals="0" statements="43" coveredstatements="24" elements="52" coveredelements="29"/>
      </file>
      <file name="/Users/ob/Sites/laravel/laravel43/workbench/anomaly/lexicon/src/Anomaly/Lexicon/Lexicon.php">
        <class name="Lexicon" namespace="Anomaly\Lexicon">
          <metrics methods="18" coveredmethods="18" conditionals="0" coveredconditionals="0" statements="41" coveredstatements="41" elements="59" coveredelements="59"/>
        </class>
        <line num="145" type="method" name="__construct" crap="1" count="32"/>
        <line num="149" type="stmt" count="32"/>
        <line num="150" type="stmt" count="32"/>
        <line num="151" type="stmt" count="32"/>
        <line num="206" type="method" name="getNodeTypes" crap="2" count="7"/>
        <line num="208" type="stmt" count="7"/>
        <line num="210" type="stmt" count="7"/>
        <line num="211" type="stmt" count="4"/>
        <line num="212" type="stmt" count="7"/>
        <line num="214" type="stmt" count="7"/>
        <line num="267" type="method" name="registerNodeTypes" crap="1" count="32"/>
        <line num="269" type="stmt" count="32"/>
        <line num="270" type="stmt" count="32"/>
        <line num="280" type="method" name="registerPlugin" crap="1" count="32"/>
        <line num="282" type="stmt" count="32"/>
        <line num="283" type="stmt" count="32"/>
        <line num="292" type="method" name="registerPlugins" crap="2" count="32"/>
        <line num="294" type="stmt" count="32"/>
        <line num="295" type="stmt" count="32"/>
        <line num="296" type="stmt" count="32"/>
        <line num="297" type="stmt" count="32"/>
        <line num="319" type="method" name="getRootNodeType" crap="5" count="7"/>
        <line num="321" type="stmt" count="7"/>
        <line num="323" type="stmt" count="7"/>
        <line num="324" type="stmt" count="4"/>
        <line num="325" type="stmt" count="4"/>
        <line num="326" type="stmt" count="4"/>
        <line num="328" type="stmt" count="7"/>
        <line num="330" type="stmt" count="7"/>
        <line num="331" type="stmt" count="3"/>
        <line num="334" type="stmt" count="4"/>
        <line num="378" type="method" name="addParsePath" crap="1" count="3"/>
        <line num="380" type="stmt" count="3"/>
        <line num="381" type="stmt" count="3"/>
        <line num="401" type="method" name="isParsePath" crap="1" count="4"/>
        <line num="403" type="stmt" count="4"/>
        <line num="412" type="method" name="addNode" crap="1" count="1"/>
        <line num="414" type="stmt" count="1"/>
        <line num="423" type="method" name="getNodeById" crap="2" count="1"/>
        <line num="425" type="stmt" count="1"/>
        <line num="444" type="method" name="getViewTemplatePath" crap="1" count="4"/>
        <line num="446" type="stmt" count="4"/>
        <line num="454" type="method" name="getViewTemplate" crap="1" count="4"/>
        <line num="456" type="stmt" count="4"/>
        <line num="464" type="method" name="setViewTemplatePath" crap="1" count="32"/>
        <line num="466" type="stmt" count="32"/>
        <line num="467" type="stmt" count="32"/>
        <line num="487" type="method" name="setViewNamespace" crap="1" count="32"/>
        <line num="489" type="stmt" count="32"/>
        <line num="490" type="stmt" count="32"/>
        <line num="498" type="method" name="getViewClassPrefix" crap="1" count="4"/>
        <line num="500" type="stmt" count="4"/>
        <line num="509" type="method" name="setViewClassPrefix" crap="1" count="32"/>
        <line num="511" type="stmt" count="32"/>
        <line num="512" type="stmt" count="32"/>
        <line num="521" type="method" name="getViewClass" crap="1" count="4"/>
        <line num="523" type="stmt" count="4"/>
        <line num="532" type="method" name="getFullViewClass" crap="1" count="4"/>
        <line num="534" type="stmt" count="4"/>
        <metrics loc="535" ncloc="254" classes="1" methods="18" coveredmethods="18" conditionals="0" coveredconditionals="0" statements="41" coveredstatements="41" elements="59" coveredelements="59"/>
      </file>
    </package>
    <package name="Anomaly\Lexicon\Node">
      <file name="/Users/ob/Sites/laravel/laravel43/workbench/anomaly/lexicon/src/Anomaly/Lexicon/Node/Block.php">
        <class name="Block" namespace="Anomaly\Lexicon\Node">
          <metrics methods="15" coveredmethods="2" conditionals="0" coveredconditionals="0" statements="73" coveredstatements="33" elements="88" coveredelements="35"/>
        </class>
        <line num="43" type="method" name="regex" crap="1" count="1"/>
        <line num="45" type="stmt" count="1"/>
        <line num="46" type="stmt" count="1"/>
        <line num="55" type="method" name="setup" crap="16.43" count="1"/>
        <line num="57" type="stmt" count="1"/>
        <line num="59" type="stmt" count="1"/>
        <line num="61" type="stmt" count="1"/>
        <line num="63" type="stmt" count="1"/>
        <line num="65" type="stmt" count="1"/>
        <line num="67" type="stmt" count="1"/>
        <line num="69" type="stmt" count="1"/>
        <line num="70" type="stmt" count="1"/>
        <line num="71" type="stmt" count="1"/>
        <line num="72" type="stmt" count="1"/>
        <line num="73" type="stmt" count="1"/>
        <line num="74" type="stmt" count="1"/>
        <line num="76" type="stmt" count="1"/>
        <line num="78" type="stmt" count="1"/>
        <line num="79" type="stmt" count="0"/>
        <line num="80" type="stmt" count="0"/>
        <line num="82" type="stmt" count="1"/>
        <line num="83" type="stmt" count="0"/>
        <line num="84" type="stmt" count="0"/>
        <line num="85" type="stmt" count="0"/>
        <line num="86" type="stmt" count="0"/>
        <line num="88" type="stmt" count="1"/>
        <line num="97" type="method" name="setFullContent" crap="1" count="1"/>
        <line num="99" type="stmt" count="1"/>
        <line num="100" type="stmt" count="1"/>
        <line num="108" type="method" name="getFullContent" crap="2" count="0"/>
        <line num="110" type="stmt" count="0"/>
        <line num="118" type="method" name="getExtractionContentOpen" crap="2" count="0"/>
        <line num="120" type="stmt" count="0"/>
        <line num="128" type="method" name="getExtractionContentClose" crap="2" count="0"/>
        <line num="130" type="stmt" count="0"/>
        <line num="139" type="method" name="setContentOpen" crap="2" count="0"/>
        <line num="141" type="stmt" count="0"/>
        <line num="142" type="stmt" count="0"/>
        <line num="151" type="method" name="setContentClose" crap="2" count="0"/>
        <line num="153" type="stmt" count="0"/>
        <line num="154" type="stmt" count="0"/>
        <line num="162" type="method" name="compile" crap="3.33" count="1"/>
        <line num="164" type="stmt" count="1"/>
        <line num="165" type="stmt" count="0"/>
        <line num="166" type="stmt" count="1"/>
        <line num="167" type="stmt" count="0"/>
        <line num="170" type="stmt" count="1"/>
        <line num="172" type="stmt" count="1"/>
        <line num="180" type="method" name="compileChildren" crap="5.15" count="1"/>
        <line num="183" type="stmt" count="1"/>
        <line num="184" type="stmt" count="1"/>
        <line num="185" type="stmt" count="1"/>
        <line num="186" type="stmt" count="1"/>
        <line num="187" type="stmt" count="1"/>
        <line num="189" type="stmt" count="1"/>
        <line num="190" type="stmt" count="1"/>
        <line num="191" type="stmt" count="0"/>
        <line num="192" type="stmt" count="0"/>
        <line num="193" type="stmt" count="1"/>
        <line num="195" type="stmt" count="1"/>
        <line num="203" type="method" name="compileOpen" crap="20" count="0"/>
        <line num="205" type="stmt" count="0"/>
        <line num="206" type="stmt" count="0"/>
        <line num="209" type="stmt" count="0"/>
        <line num="217" type="method" name="compileFilter" crap="2" count="0"/>
        <line num="219" type="stmt" count="0"/>
        <line num="221" type="stmt" count="0"/>
        <line num="223" type="stmt" count="0"/>
        <line num="225" type="stmt" count="0"/>
        <line num="226" type="stmt" count="0"/>
        <line num="234" type="method" name="compileParse" crap="2" count="0"/>
        <line num="236" type="stmt" count="0"/>
        <line num="238" type="stmt" count="0"/>
        <line num="240" type="stmt" count="0"/>
        <line num="242" type="stmt" count="0"/>
        <line num="244" type="stmt" count="0"/>
        <line num="245" type="stmt" count="0"/>
        <line num="253" type="method" name="getIterateableSource" crap="2" count="0"/>
        <line num="255" type="stmt" count="0"/>
        <line num="257" type="stmt" count="0"/>
        <line num="259" type="stmt" count="0"/>
        <line num="261" type="stmt" count="0"/>
        <line num="263" type="stmt" count="0"/>
        <line num="265" type="stmt" count="0"/>
        <line num="273" type="method" name="compileClose" crap="20" count="0"/>
        <line num="275" type="stmt" count="0"/>
        <line num="276" type="stmt" count="0"/>
        <line num="279" type="stmt" count="0"/>
        <metrics loc="280" ncloc="180" classes="1" methods="15" coveredmethods="2" conditionals="0" coveredconditionals="0" statements="73" coveredstatements="33" elements="88" coveredelements="35"/>
      </file>
      <file name="/Users/ob/Sites/laravel/laravel43/workbench/anomaly/lexicon/src/Anomaly/Lexicon/Node/Comment.php">
        <class name="Comment" namespace="Anomaly\Lexicon\Node">
          <metrics methods="1" coveredmethods="1" conditionals="0" coveredconditionals="0" statements="1" coveredstatements="1" elements="2" coveredelements="2"/>
        </class>
        <line num="10" type="method" name="regex" crap="1" count="1"/>
        <line num="12" type="stmt" count="1"/>
        <metrics loc="13" ncloc="8" classes="1" methods="1" coveredmethods="1" conditionals="0" coveredconditionals="0" statements="1" coveredstatements="1" elements="2" coveredelements="2"/>
      </file>
      <file name="/Users/ob/Sites/laravel/laravel43/workbench/anomaly/lexicon/src/Anomaly/Lexicon/Node/Conditional.php">
        <class name="Conditional" namespace="Anomaly\Lexicon\Node">
          <metrics methods="6" coveredmethods="1" conditionals="0" coveredconditionals="0" statements="18" coveredstatements="1" elements="24" coveredelements="2"/>
        </class>
        <line num="39" type="method" name="getNameMatcher" crap="1" count="1"/>
        <line num="41" type="stmt" count="1"/>
        <line num="50" type="method" name="setup" crap="12" count="0"/>
        <line num="52" type="stmt" count="0"/>
        <line num="53" type="stmt" count="0"/>
        <line num="54" type="stmt" count="0"/>
        <line num="55" type="stmt" count="0"/>
        <line num="56" type="stmt" count="0"/>
        <line num="58" type="stmt" count="0"/>
        <line num="59" type="stmt" count="0"/>
        <line num="60" type="stmt" count="0"/>
        <line num="61" type="stmt" count="0"/>
        <line num="62" type="stmt" count="0"/>
        <line num="63" type="stmt" count="0"/>
        <line num="71" type="method" name="setParser" crap="2" count="0"/>
        <line num="73" type="stmt" count="0"/>
        <line num="74" type="stmt" count="0"/>
        <line num="81" type="method" name="setExpression" crap="2" count="0"/>
        <line num="83" type="stmt" count="0"/>
        <line num="84" type="stmt" count="0"/>
        <line num="92" type="method" name="getExpression" crap="2" count="0"/>
        <line num="94" type="stmt" count="0"/>
        <line num="102" type="method" name="compile" crap="2" count="0"/>
        <line num="104" type="stmt" count="0"/>
        <metrics loc="106" ncloc="62" classes="1" methods="6" coveredmethods="1" conditionals="0" coveredconditionals="0" statements="18" coveredstatements="1" elements="24" coveredelements="2"/>
      </file>
      <file name="/Users/ob/Sites/laravel/laravel43/workbench/anomaly/lexicon/src/Anomaly/Lexicon/Node/ConditionalElse.php">
        <class name="ConditionalElse" namespace="Anomaly\Lexicon\Node">
          <metrics methods="2" coveredmethods="0" conditionals="0" coveredconditionals="0" statements="5" coveredstatements="0" elements="7" coveredelements="0"/>
        </class>
        <line num="20" type="method" name="setup" crap="2" count="0"/>
        <line num="22" type="stmt" count="0"/>
        <line num="23" type="stmt" count="0"/>
        <line num="24" type="stmt" count="0"/>
        <line num="25" type="stmt" count="0"/>
        <line num="32" type="method" name="compile" crap="2" count="0"/>
        <line num="34" type="stmt" count="0"/>
        <metrics loc="36" ncloc="21" classes="1" methods="2" coveredmethods="0" conditionals="0" coveredconditionals="0" statements="5" coveredstatements="0" elements="7" coveredelements="0"/>
      </file>
      <file name="/Users/ob/Sites/laravel/laravel43/workbench/anomaly/lexicon/src/Anomaly/Lexicon/Node/ConditionalEndif.php">
        <class name="ConditionalEndif" namespace="Anomaly\Lexicon\Node">
          <metrics methods="2" coveredmethods="0" conditionals="0" coveredconditionals="0" statements="5" coveredstatements="0" elements="7" coveredelements="0"/>
        </class>
        <line num="20" type="method" name="setup" crap="2" count="0"/>
        <line num="22" type="stmt" count="0"/>
        <line num="23" type="stmt" count="0"/>
        <line num="24" type="stmt" count="0"/>
        <line num="25" type="stmt" count="0"/>
        <line num="32" type="method" name="compile" crap="2" count="0"/>
        <line num="34" type="stmt" count="0"/>
        <metrics loc="36" ncloc="21" classes="1" methods="2" coveredmethods="0" conditionals="0" coveredconditionals="0" statements="5" coveredstatements="0" elements="7" coveredelements="0"/>
      </file>
      <file name="/Users/ob/Sites/laravel/laravel43/workbench/anomaly/lexicon/src/Anomaly/Lexicon/Node/IgnoreBlock.php">
        <class name="IgnoreBlock" namespace="Anomaly\Lexicon\Node">
          <metrics methods="3" coveredmethods="1" conditionals="0" coveredconditionals="0" statements="3" coveredstatements="1" elements="6" coveredelements="2"/>
        </class>
        <line num="26" type="method" name="setup" crap="2" count="0"/>
        <line num="28" type="stmt" count="0"/>
        <line num="35" type="method" name="regex" crap="1" count="1"/>
        <line num="37" type="stmt" count="1"/>
        <line num="45" type="method" name="compile" crap="2" count="0"/>
        <line num="47" type="stmt" count="0"/>
        <metrics loc="48" ncloc="22" classes="1" methods="3" coveredmethods="1" conditionals="0" coveredconditionals="0" statements="3" coveredstatements="1" elements="6" coveredelements="2"/>
      </file>
      <file name="/Users/ob/Sites/laravel/laravel43/workbench/anomaly/lexicon/src/Anomaly/Lexicon/Node/IgnoreVariable.php">
        <class name="IgnoreVariable" namespace="Anomaly\Lexicon\Node">
          <metrics methods="2" coveredmethods="1" conditionals="0" coveredconditionals="0" statements="6" coveredstatements="1" elements="8" coveredelements="2"/>
        </class>
        <line num="18" type="method" name="setup" crap="20" count="0"/>
        <line num="20" type="stmt" count="0"/>
        <line num="21" type="stmt" count="0"/>
        <line num="22" type="stmt" count="0"/>
        <line num="23" type="stmt" count="0"/>
        <line num="24" type="stmt" count="0"/>
        <line num="31" type="method" name="regex" crap="1" count="1"/>
        <line num="33" type="stmt" count="1"/>
        <metrics loc="35" ncloc="20" classes="1" methods="2" coveredmethods="1" conditionals="0" coveredconditionals="0" statements="6" coveredstatements="1" elements="8" coveredelements="2"/>
      </file>
      <file name="/Users/ob/Sites/laravel/laravel43/workbench/anomaly/lexicon/src/Anomaly/Lexicon/Node/Includes.php">
        <class name="Includes" namespace="Anomaly\Lexicon\Node">
          <metrics methods="1" coveredmethods="0" conditionals="0" coveredconditionals="0" statements="6" coveredstatements="0" elements="7" coveredelements="0"/>
        </class>
        <line num="20" type="method" name="compile" crap="6" count="0"/>
        <line num="22" type="stmt" count="0"/>
        <line num="24" type="stmt" count="0"/>
        <line num="25" type="stmt" count="0"/>
        <line num="27" type="stmt" count="0"/>
        <line num="28" type="stmt" count="0"/>
        <line num="31" type="stmt" count="0"/>
        <metrics loc="33" ncloc="23" classes="1" methods="1" coveredmethods="0" conditionals="0" coveredconditionals="0" statements="6" coveredstatements="0" elements="7" coveredelements="0"/>
      </file>
      <file name="/Users/ob/Sites/laravel/laravel43/workbench/anomaly/lexicon/src/Anomaly/Lexicon/Node/Node.php">
        <class name="Node" namespace="Anomaly\Lexicon\Node">
          <metrics methods="61" coveredmethods="45" conditionals="0" coveredconditionals="0" statements="197" coveredstatements="128" elements="258" coveredelements="173"/>
        </class>
        <line num="147" type="method" name="__construct" crap="1" count="4"/>
        <line num="149" type="stmt" count="4"/>
        <line num="150" type="stmt" count="4"/>
        <line num="156" type="method" name="setIsEmbedded" crap="2" count="0"/>
        <line num="158" type="stmt" count="0"/>
        <line num="159" type="stmt" count="0"/>
        <line num="167" type="method" name="isEmbedded" crap="2" count="0"/>
        <line num="169" type="stmt" count="0"/>
        <line num="177" type="method" name="isPhp" crap="1" count="1"/>
        <line num="179" type="stmt" count="1"/>
        <line num="187" type="method" name="deferCompile" crap="1" count="1"/>
        <line num="189" type="stmt" count="1"/>
        <line num="201" type="method" name="make" crap="3.01" count="1"/>
        <line num="203" type="stmt" count="1"/>
        <line num="206" type="stmt" count="1"/>
        <line num="209" type="stmt" count="1"/>
        <line num="210" type="stmt" count="1"/>
        <line num="211" type="stmt" count="1"/>
        <line num="212" type="stmt" count="1"/>
        <line num="215" type="stmt" count="1"/>
        <line num="216" type="stmt" count="1"/>
        <line num="217" type="stmt" count="1"/>
        <line num="218" type="stmt" count="1"/>
        <line num="219" type="stmt" count="1"/>
        <line num="220" type="stmt" count="1"/>
        <line num="222" type="stmt" count="1"/>
        <line num="224" type="stmt" count="1"/>
        <line num="226" type="stmt" count="1"/>
        <line num="227" type="stmt" count="0"/>
        <line num="228" type="stmt" count="0"/>
        <line num="230" type="stmt" count="1"/>
        <line num="238" type="method" name="newAttributeParser" crap="1" count="1"/>
        <line num="240" type="stmt" count="1"/>
        <line num="248" type="method" name="incrementDepth" crap="1" count="1"/>
        <line num="250" type="stmt" count="1"/>
        <line num="258" type="method" name="setContent" crap="1" count="1"/>
        <line num="260" type="stmt" count="1"/>
        <line num="261" type="stmt" count="1"/>
        <line num="269" type="method" name="getContent" crap="1" count="1"/>
        <line num="271" type="stmt" count="1"/>
        <line num="280" type="method" name="setExtractionContent" crap="1" count="1"/>
        <line num="282" type="stmt" count="1"/>
        <line num="283" type="stmt" count="1"/>
        <line num="289" type="method" name="getExtractionContent" crap="1" count="1"/>
        <line num="291" type="stmt" count="1"/>
        <line num="300" type="method" name="setParsedContent" crap="1" count="1"/>
        <line num="302" type="stmt" count="1"/>
        <line num="303" type="stmt" count="1"/>
        <line num="311" type="method" name="getParsedContent" crap="1" count="1"/>
        <line num="313" type="stmt" count="1"/>
        <line num="322" type="method" name="addChild" crap="1" count="1"/>
        <line num="324" type="stmt" count="1"/>
        <line num="325" type="stmt" count="1"/>
        <line num="326" type="stmt" count="1"/>
        <line num="335" type="method" name="getChildren" crap="2" count="1"/>
        <line num="337" type="stmt" count="1"/>
        <line num="339" type="stmt" count="1"/>
        <line num="340" type="stmt" count="1"/>
        <line num="341" type="stmt" count="1"/>
        <line num="343" type="stmt" count="1"/>
        <line num="352" type="method" name="setDepth" crap="1" count="1"/>
        <line num="354" type="stmt" count="1"/>
        <line num="355" type="stmt" count="1"/>
        <line num="363" type="method" name="getDepth" crap="1" count="1"/>
        <line num="365" type="stmt" count="1"/>
        <line num="373" type="method" name="setId" crap="1" count="1"/>
        <line num="375" type="stmt" count="1"/>
        <line num="376" type="stmt" count="1"/>
        <line num="384" type="method" name="getId" crap="1" count="1"/>
        <line num="386" type="stmt" count="1"/>
        <line num="395" type="method" name="setCount" crap="1" count="1"/>
        <line num="397" type="stmt" count="1"/>
        <line num="398" type="stmt" count="1"/>
        <line num="406" type="method" name="getCount" crap="1" count="1"/>
        <line num="408" type="stmt" count="1"/>
        <line num="417" type="method" name="setName" crap="1" count="1"/>
        <line num="419" type="stmt" count="1"/>
        <line num="420" type="stmt" count="1"/>
        <line num="428" type="method" name="getName" crap="1" count="1"/>
        <line num="430" type="stmt" count="1"/>
        <line num="438" type="method" name="getNameMatcher" crap="1" count="1"/>
        <line num="440" type="stmt" count="1"/>
        <line num="449" type="method" name="setParentId" crap="1" count="1"/>
        <line num="451" type="stmt" count="1"/>
        <line num="452" type="stmt" count="1"/>
        <line num="460" type="method" name="getParentId" crap="1" count="1"/>
        <line num="462" type="stmt" count="1"/>
        <line num="470" type="method" name="getParent" crap="1" count="1"/>
        <line num="472" type="stmt" count="1"/>
        <line num="480" type="method" name="isRoot" crap="1" count="4"/>
        <line num="482" type="stmt" count="4"/>
        <line num="491" type="method" name="getExtractionId" crap="2.50" count="1"/>
        <line num="493" type="stmt" count="1"/>
        <line num="494" type="stmt" count="0"/>
        <line num="495" type="stmt" count="0"/>
        <line num="497" type="stmt" count="1"/>
        <line num="506" type="method" name="setItemName" crap="1" count="1"/>
        <line num="508" type="stmt" count="1"/>
        <line num="509" type="stmt" count="1"/>
        <line num="517" type="method" name="getItemName" crap="2" count="0"/>
        <line num="519" type="stmt" count="0"/>
        <line num="527" type="method" name="getContextName" crap="1" count="1"/>
        <line num="529" type="stmt" count="1"/>
        <line num="538" type="method" name="setContextName" crap="1" count="1"/>
        <line num="540" type="stmt" count="1"/>
        <line num="541" type="stmt" count="1"/>
        <line num="550" type="method" name="setParsedAttributes" crap="1" count="1"/>
        <line num="552" type="stmt" count="1"/>
        <line num="553" type="stmt" count="1"/>
        <line num="561" type="method" name="getParsedAttributes" crap="1" count="1"/>
        <line num="563" type="stmt" count="1"/>
        <line num="571" type="method" name="getRootNode" crap="6" count="0"/>
        <line num="573" type="stmt" count="0"/>
        <line num="575" type="stmt" count="0"/>
        <line num="576" type="stmt" count="0"/>
        <line num="577" type="stmt" count="0"/>
        <line num="579" type="stmt" count="0"/>
        <line num="587" type="method" name="getLexicon" crap="1" count="1"/>
        <line num="589" type="stmt" count="1"/>
        <line num="597" type="method" name="getFooter" crap="1" count="1"/>
        <line num="599" type="stmt" count="1"/>
        <line num="608" type="method" name="getSingleTagMatches" crap="12" count="0"/>
        <line num="610" type="stmt" count="0"/>
        <line num="616" type="stmt" count="0"/>
        <line num="617" type="stmt" count="0"/>
        <line num="618" type="stmt" count="0"/>
        <line num="619" type="stmt" count="0"/>
        <line num="621" type="stmt" count="0"/>
        <line num="622" type="stmt" count="0"/>
        <line num="623" type="stmt" count="0"/>
        <line num="624" type="stmt" count="0"/>
        <line num="625" type="stmt" count="0"/>
        <line num="627" type="stmt" count="0"/>
        <line num="635" type="method" name="createChildNodes" crap="4" count="1"/>
        <line num="637" type="stmt" count="1"/>
        <line num="638" type="stmt" count="1"/>
        <line num="639" type="stmt" count="1"/>
        <line num="640" type="stmt" count="1"/>
        <line num="641" type="stmt" count="1"/>
        <line num="642" type="stmt" count="1"/>
        <line num="643" type="stmt" count="1"/>
        <line num="645" type="stmt" count="1"/>
        <line num="656" type="method" name="createChildNode" crap="1" count="1"/>
        <line num="658" type="stmt" count="1"/>
        <line num="659" type="stmt" count="1"/>
        <line num="660" type="stmt" count="1"/>
        <line num="661" type="stmt" count="1"/>
        <line num="663" type="stmt" count="1"/>
        <line num="665" type="stmt" count="1"/>
        <line num="667" type="stmt" count="1"/>
        <line num="669" type="stmt" count="1"/>
        <line num="678" type="method" name="extract" crap="4.87" count="1"/>
        <line num="680" type="stmt" count="1"/>
        <line num="681" type="stmt" count="0"/>
        <line num="682" type="stmt" count="0"/>
        <line num="683" type="stmt" count="0"/>
        <line num="684" type="stmt" count="0"/>
        <line num="685" type="stmt" count="0"/>
        <line num="686" type="stmt" count="0"/>
        <line num="687" type="stmt" count="0"/>
        <line num="688" type="stmt" count="0"/>
        <line num="690" type="stmt" count="1"/>
        <line num="691" type="stmt" count="0"/>
        <line num="692" type="stmt" count="0"/>
        <line num="693" type="stmt" count="0"/>
        <line num="694" type="stmt" count="0"/>
        <line num="695" type="stmt" count="0"/>
        <line num="696" type="stmt" count="0"/>
        <line num="697" type="stmt" count="0"/>
        <line num="698" type="stmt" count="0"/>
        <line num="700" type="stmt" count="1"/>
        <line num="701" type="stmt" count="1"/>
        <line num="702" type="stmt" count="1"/>
        <line num="703" type="stmt" count="1"/>
        <line num="704" type="stmt" count="1"/>
        <line num="705" type="stmt" count="1"/>
        <line num="706" type="stmt" count="1"/>
        <line num="708" type="stmt" count="1"/>
        <line num="710" type="stmt" count="1"/>
        <line num="719" type="method" name="inject" crap="21.82" count="1"/>
        <line num="722" type="stmt" count="1"/>
        <line num="723" type="stmt" count="0"/>
        <line num="724" type="stmt" count="0"/>
        <line num="725" type="stmt" count="0"/>
        <line num="726" type="stmt" count="0"/>
        <line num="727" type="stmt" count="0"/>
        <line num="728" type="stmt" count="0"/>
        <line num="729" type="stmt" count="0"/>
        <line num="730" type="stmt" count="0"/>
        <line num="732" type="stmt" count="1"/>
        <line num="733" type="stmt" count="0"/>
        <line num="734" type="stmt" count="0"/>
        <line num="735" type="stmt" count="0"/>
        <line num="736" type="stmt" count="0"/>
        <line num="737" type="stmt" count="0"/>
        <line num="738" type="stmt" count="0"/>
        <line num="739" type="stmt" count="0"/>
        <line num="740" type="stmt" count="0"/>
        <line num="742" type="stmt" count="1"/>
        <line num="743" type="stmt" count="0"/>
        <line num="744" type="stmt" count="0"/>
        <line num="745" type="stmt" count="1"/>
        <line num="748" type="stmt" count="1"/>
        <line num="749" type="stmt" count="1"/>
        <line num="750" type="stmt" count="1"/>
        <line num="751" type="stmt" count="1"/>
        <line num="752" type="stmt" count="1"/>
        <line num="753" type="stmt" count="1"/>
        <line num="754" type="stmt" count="1"/>
        <line num="756" type="stmt" count="1"/>
        <line num="765" type="method" name="php" crap="2.15" count="1"/>
        <line num="767" type="stmt" count="1"/>
        <line num="768" type="stmt" count="0"/>
        <line num="770" type="stmt" count="1"/>
        <line num="776" type="method" name="getContextFinder" crap="1" count="1"/>
        <line num="778" type="stmt" count="1"/>
        <line num="785" type="method" name="setLoopItemName" crap="2" count="0"/>
        <line num="787" type="stmt" count="0"/>
        <line num="788" type="stmt" count="0"/>
        <line num="796" type="method" name="getLoopItemName" crap="2" count="0"/>
        <line num="798" type="stmt" count="0"/>
        <line num="807" type="method" name="setValidator" crap="2" count="0"/>
        <line num="809" type="stmt" count="0"/>
        <line num="810" type="stmt" count="0"/>
        <line num="818" type="method" name="getValidator" crap="1" count="1"/>
        <line num="820" type="stmt" count="1"/>
        <line num="829" type="method" name="validate" crap="2.15" count="1"/>
        <line num="831" type="stmt" count="1"/>
        <line num="832" type="stmt" count="0"/>
        <line num="835" type="stmt" count="1"/>
        <line num="843" type="method" name="isValid" crap="1" count="1"/>
        <line num="845" type="stmt" count="1"/>
        <line num="853" type="method" name="isFilter" crap="1" count="1"/>
        <line num="855" type="stmt" count="1"/>
        <line num="863" type="method" name="isParse" crap="1" count="1"/>
        <line num="865" type="stmt" count="1"/>
        <line num="873" type="method" name="getVariableRegex" crap="2" count="1"/>
        <line num="875" type="stmt" count="1"/>
        <line num="877" type="stmt" count="1"/>
        <line num="886" type="method" name="getClosingTagRegex" crap="2" count="0"/>
        <line num="888" type="stmt" count="0"/>
        <line num="896" type="method" name="getEmbeddedAttributeRegexMatcher" crap="1" count="1"/>
        <line num="898" type="stmt" count="1"/>
        <line num="907" type="method" name="getEmbeddedMatches" crap="1" count="1"/>
        <line num="909" type="stmt" count="1"/>
        <line num="919" type="method" name="getMatch" crap="2" count="0"/>
        <line num="921" type="stmt" count="0"/>
        <line num="922" type="stmt" count="0"/>
        <line num="923" type="stmt" count="0"/>
        <line num="933" type="method" name="getMatches" crap="2" count="1"/>
        <line num="935" type="stmt" count="1"/>
        <line num="936" type="stmt" count="1"/>
        <line num="937" type="stmt" count="1"/>
        <line num="939" type="stmt" count="1"/>
        <line num="940" type="stmt" count="1"/>
        <line num="941" type="stmt" count="1"/>
        <line num="950" type="method" name="compress" crap="1" count="1"/>
        <line num="952" type="stmt" count="1"/>
        <metrics loc="953" ncloc="535" classes="1" methods="61" coveredmethods="45" conditionals="0" coveredconditionals="0" statements="197" coveredstatements="128" elements="258" coveredelements="173"/>
      </file>
      <file name="/Users/ob/Sites/laravel/laravel43/workbench/anomaly/lexicon/src/Anomaly/Lexicon/Node/Recursive.php">
        <class name="Recursive" namespace="Anomaly\Lexicon\Node">
          <metrics methods="1" coveredmethods="0" conditionals="0" coveredconditionals="0" statements="8" coveredstatements="0" elements="9" coveredelements="0"/>
        </class>
        <line num="19" type="method" name="compile" crap="30" count="0"/>
        <line num="21" type="stmt" count="0"/>
        <line num="22" type="stmt" count="0"/>
        <line num="23" type="stmt" count="0"/>
        <line num="24" type="stmt" count="0"/>
        <line num="25" type="stmt" count="0"/>
        <line num="26" type="stmt" count="0"/>
        <line num="27" type="stmt" count="0"/>
        <line num="30" type="stmt" count="0"/>
        <metrics loc="31" ncloc="21" classes="1" methods="1" coveredmethods="0" conditionals="0" coveredconditionals="0" statements="8" coveredstatements="0" elements="9" coveredelements="0"/>
      </file>
      <file name="/Users/ob/Sites/laravel/laravel43/workbench/anomaly/lexicon/src/Anomaly/Lexicon/Node/Section.php">
        <class name="Section" namespace="Anomaly\Lexicon\Node">
          <metrics methods="1" coveredmethods="0" conditionals="0" coveredconditionals="0" statements="4" coveredstatements="0" elements="5" coveredelements="0"/>
        </class>
        <line num="20" type="method" name="compile" crap="6" count="0"/>
        <line num="22" type="stmt" count="0"/>
        <line num="24" type="stmt" count="0"/>
        <line num="25" type="stmt" count="0"/>
        <line num="28" type="stmt" count="0"/>
        <metrics loc="30" ncloc="20" classes="1" methods="1" coveredmethods="0" conditionals="0" coveredconditionals="0" statements="4" coveredstatements="0" elements="5" coveredelements="0"/>
      </file>
      <file name="/Users/ob/Sites/laravel/laravel43/workbench/anomaly/lexicon/src/Anomaly/Lexicon/Node/SectionAppend.php">
        <class name="SectionAppend" namespace="Anomaly\Lexicon\Node">
          <metrics methods="1" coveredmethods="0" conditionals="0" coveredconditionals="0" statements="1" coveredstatements="0" elements="2" coveredelements="0"/>
        </class>
        <line num="20" type="method" name="compile" crap="2" count="0"/>
        <line num="22" type="stmt" count="0"/>
        <metrics loc="24" ncloc="14" classes="1" methods="1" coveredmethods="0" conditionals="0" coveredconditionals="0" statements="1" coveredstatements="0" elements="2" coveredelements="0"/>
      </file>
      <file name="/Users/ob/Sites/laravel/laravel43/workbench/anomaly/lexicon/src/Anomaly/Lexicon/Node/SectionExtends.php">
        <class name="SectionExtends" namespace="Anomaly\Lexicon\Node">
          <metrics methods="1" coveredmethods="0" conditionals="0" coveredconditionals="0" statements="8" coveredstatements="0" elements="9" coveredelements="0"/>
        </class>
        <line num="18" type="method" name="compile" crap="6" count="0"/>
        <line num="20" type="stmt" count="0"/>
        <line num="22" type="stmt" count="0"/>
        <line num="24" type="stmt" count="0"/>
        <line num="25" type="stmt" count="0"/>
        <line num="26" type="stmt" count="0"/>
        <line num="27" type="stmt" count="0"/>
        <line num="28" type="stmt" count="0"/>
        <line num="30" type="stmt" count="0"/>
        <metrics loc="32" ncloc="22" classes="1" methods="1" coveredmethods="0" conditionals="0" coveredconditionals="0" statements="8" coveredstatements="0" elements="9" coveredelements="0"/>
      </file>
      <file name="/Users/ob/Sites/laravel/laravel43/workbench/anomaly/lexicon/src/Anomaly/Lexicon/Node/SectionOverwrite.php">
        <class name="SectionOverwrite" namespace="Anomaly\Lexicon\Node">
          <metrics methods="1" coveredmethods="0" conditionals="0" coveredconditionals="0" statements="1" coveredstatements="0" elements="2" coveredelements="0"/>
        </class>
        <line num="20" type="method" name="compile" crap="2" count="0"/>
        <line num="22" type="stmt" count="0"/>
        <metrics loc="24" ncloc="14" classes="1" methods="1" coveredmethods="0" conditionals="0" coveredconditionals="0" statements="1" coveredstatements="0" elements="2" coveredelements="0"/>
      </file>
      <file name="/Users/ob/Sites/laravel/laravel43/workbench/anomaly/lexicon/src/Anomaly/Lexicon/Node/SectionShow.php">
        <class name="SectionShow" namespace="Anomaly\Lexicon\Node">
          <metrics methods="1" coveredmethods="0" conditionals="0" coveredconditionals="0" statements="1" coveredstatements="0" elements="2" coveredelements="0"/>
        </class>
        <line num="20" type="method" name="compile" crap="2" count="0"/>
        <line num="22" type="stmt" count="0"/>
        <metrics loc="24" ncloc="14" classes="1" methods="1" coveredmethods="0" conditionals="0" coveredconditionals="0" statements="1" coveredstatements="0" elements="2" coveredelements="0"/>
      </file>
      <file name="/Users/ob/Sites/laravel/laravel43/workbench/anomaly/lexicon/src/Anomaly/Lexicon/Node/SectionStop.php">
        <class name="SectionStop" namespace="Anomaly\Lexicon\Node">
          <metrics methods="1" coveredmethods="0" conditionals="0" coveredconditionals="0" statements="1" coveredstatements="0" elements="2" coveredelements="0"/>
        </class>
        <line num="20" type="method" name="compile" crap="2" count="0"/>
        <line num="22" type="stmt" count="0"/>
        <metrics loc="24" ncloc="14" classes="1" methods="1" coveredmethods="0" conditionals="0" coveredconditionals="0" statements="1" coveredstatements="0" elements="2" coveredelements="0"/>
      </file>
      <file name="/Users/ob/Sites/laravel/laravel43/workbench/anomaly/lexicon/src/Anomaly/Lexicon/Node/SectionYield.php">
        <class name="SectionYield" namespace="Anomaly\Lexicon\Node">
          <metrics methods="1" coveredmethods="0" conditionals="0" coveredconditionals="0" statements="4" coveredstatements="0" elements="5" coveredelements="0"/>
        </class>
        <line num="20" type="method" name="compile" crap="6" count="0"/>
        <line num="22" type="stmt" count="0"/>
        <line num="24" type="stmt" count="0"/>
        <line num="25" type="stmt" count="0"/>
        <line num="28" type="stmt" count="0"/>
        <metrics loc="30" ncloc="20" classes="1" methods="1" coveredmethods="0" conditionals="0" coveredconditionals="0" statements="4" coveredstatements="0" elements="5" coveredelements="0"/>
      </file>
      <file name="/Users/ob/Sites/laravel/laravel43/workbench/anomaly/lexicon/src/Anomaly/Lexicon/Node/Single.php">
        <class name="Single" namespace="Anomaly\Lexicon\Node">
          <metrics methods="2" coveredmethods="2" conditionals="0" coveredconditionals="0" statements="12" coveredstatements="12" elements="14" coveredelements="14"/>
        </class>
        <line num="5" type="method" name="regex" crap="1" count="1"/>
        <line num="7" type="stmt" count="1"/>
        <line num="10" type="method" name="setup" crap="7" count="1"/>
        <line num="12" type="stmt" count="1"/>
        <line num="14" type="stmt" count="1"/>
        <line num="16" type="stmt" count="1"/>
        <line num="18" type="stmt" count="1"/>
        <line num="20" type="stmt" count="1"/>
        <line num="22" type="stmt" count="1"/>
        <line num="24" type="stmt" count="1"/>
        <line num="25" type="stmt" count="1"/>
        <line num="26" type="stmt" count="1"/>
        <line num="27" type="stmt" count="1"/>
        <line num="28" type="stmt" count="1"/>
        <metrics loc="29" ncloc="29" classes="1" methods="2" coveredmethods="2" conditionals="0" coveredconditionals="0" statements="12" coveredstatements="12" elements="14" coveredelements="14"/>
      </file>
      <file name="/Users/ob/Sites/laravel/laravel43/workbench/anomaly/lexicon/src/Anomaly/Lexicon/Node/SingleNull.php">
        <class name="SingleNull" namespace="Anomaly\Lexicon\Node">
          <metrics methods="1" coveredmethods="0" conditionals="0" coveredconditionals="0" statements="1" coveredstatements="0" elements="2" coveredelements="0"/>
        </class>
        <line num="10" type="method" name="compile" crap="2" count="0"/>
        <line num="12" type="stmt" count="0"/>
        <metrics loc="13" ncloc="8" classes="1" methods="1" coveredmethods="0" conditionals="0" coveredconditionals="0" statements="1" coveredstatements="0" elements="2" coveredelements="0"/>
      </file>
      <file name="/Users/ob/Sites/laravel/laravel43/workbench/anomaly/lexicon/src/Anomaly/Lexicon/Node/SingleRemain.php">
        <class name="SingleRemain" namespace="Anomaly\Lexicon\Node">
          <metrics methods="1" coveredmethods="0" conditionals="0" coveredconditionals="0" statements="1" coveredstatements="0" elements="2" coveredelements="0"/>
        </class>
        <line num="23" type="method" name="compile" crap="2" count="0"/>
        <line num="25" type="stmt" count="0"/>
        <metrics loc="26" ncloc="13" classes="1" methods="1" coveredmethods="0" conditionals="0" coveredconditionals="0" statements="1" coveredstatements="0" elements="2" coveredelements="0"/>
      </file>
      <file name="/Users/ob/Sites/laravel/laravel43/workbench/anomaly/lexicon/src/Anomaly/Lexicon/Node/Variable.php">
        <class name="Variable" namespace="Anomaly\Lexicon\Node">
          <metrics methods="7" coveredmethods="4" conditionals="0" coveredconditionals="0" statements="21" coveredstatements="13" elements="28" coveredelements="17"/>
        </class>
        <line num="20" type="method" name="setIsEmbedded" crap="2" count="0"/>
        <line num="22" type="stmt" count="0"/>
        <line num="23" type="stmt" count="0"/>
        <line num="31" type="method" name="isEmbedded" crap="1" count="1"/>
        <line num="33" type="stmt" count="1"/>
        <line num="36" type="method" name="regex" crap="1" count="1"/>
        <line num="38" type="stmt" count="1"/>
        <line num="41" type="method" name="compile" crap="2" count="1"/>
        <line num="43" type="stmt" count="1"/>
        <line num="45" type="stmt" count="1"/>
        <line num="46" type="stmt" count="1"/>
        <line num="47" type="stmt" count="1"/>
        <line num="48" type="stmt" count="1"/>
        <line num="50" type="stmt" count="1"/>
        <line num="53" type="method" name="compileKey" crap="2" count="0"/>
        <line num="55" type="stmt" count="0"/>
        <line num="63" type="method" name="compileNamedFromOrderedKey" crap="6" count="0"/>
        <line num="65" type="stmt" count="0"/>
        <line num="67" type="stmt" count="0"/>
        <line num="69" type="stmt" count="0"/>
        <line num="71" type="stmt" count="0"/>
        <line num="74" type="stmt" count="0"/>
        <line num="77" type="method" name="compileVariable" crap="1" count="1"/>
        <line num="79" type="stmt" count="1"/>
        <line num="81" type="stmt" count="1"/>
        <line num="83" type="stmt" count="1"/>
        <line num="85" type="stmt" count="1"/>
        <line num="86" type="stmt" count="1"/>
        <metrics loc="87" ncloc="66" classes="1" methods="7" coveredmethods="4" conditionals="0" coveredconditionals="0" statements="21" coveredstatements="13" elements="28" coveredelements="17"/>
      </file>
      <file name="/Users/ob/Sites/laravel/laravel43/workbench/anomaly/lexicon/src/Anomaly/Lexicon/Node/VariableEscaped.php">
        <class name="VariableEscaped" namespace="Anomaly\Lexicon\Node">
          <metrics methods="2" coveredmethods="1" conditionals="0" coveredconditionals="0" statements="2" coveredstatements="1" elements="4" coveredelements="2"/>
        </class>
        <line num="10" type="method" name="regex" crap="1" count="1"/>
        <line num="12" type="stmt" count="1"/>
        <line num="20" type="method" name="compileVariable" crap="2" count="0"/>
        <line num="22" type="stmt" count="0"/>
        <metrics loc="23" ncloc="13" classes="1" methods="2" coveredmethods="1" conditionals="0" coveredconditionals="0" statements="2" coveredstatements="1" elements="4" coveredelements="2"/>
      </file>
    </package>
    <package name="Anomaly\Lexicon\Plugin">
      <file name="/Users/ob/Sites/laravel/laravel43/workbench/anomaly/lexicon/src/Anomaly/Lexicon/Plugin/Plugin.php">
        <class name="Plugin" namespace="Anomaly\Lexicon\Plugin">
          <metrics methods="2" coveredmethods="0" conditionals="0" coveredconditionals="0" statements="12" coveredstatements="0" elements="14" coveredelements="0"/>
        </class>
        <line num="105" type="method" name="getAttribute" crap="12" count="0"/>
        <line num="107" type="stmt" count="0"/>
        <line num="108" type="stmt" count="0"/>
        <line num="109" type="stmt" count="0"/>
        <line num="110" type="stmt" count="0"/>
        <line num="113" type="stmt" count="0"/>
        <line num="147" type="method" name="__call" crap="12" count="0"/>
        <line num="149" type="stmt" count="0"/>
        <line num="150" type="stmt" count="0"/>
        <line num="152" type="stmt" count="0"/>
        <line num="153" type="stmt" count="0"/>
        <line num="154" type="stmt" count="0"/>
        <line num="155" type="stmt" count="0"/>
        <line num="158" type="stmt" count="0"/>
        <metrics loc="160" ncloc="80" classes="1" methods="2" coveredmethods="0" conditionals="0" coveredconditionals="0" statements="12" coveredstatements="0" elements="14" coveredelements="0"/>
      </file>
      <file name="/Users/ob/Sites/laravel/laravel43/workbench/anomaly/lexicon/src/Anomaly/Lexicon/Plugin/PluginHandler.php">
        <class name="PluginHandler" namespace="Anomaly\Lexicon\Plugin">
          <metrics methods="6" coveredmethods="6" conditionals="0" coveredconditionals="0" statements="42" coveredstatements="42" elements="48" coveredelements="48"/>
        </class>
        <line num="50" type="method" name="register" crap="1" count="32"/>
        <line num="52" type="stmt" count="32"/>
        <line num="53" type="stmt" count="32"/>
        <line num="62" type="method" name="get" crap="3" count="13"/>
        <line num="64" type="stmt" count="13"/>
        <line num="66" type="stmt" count="13"/>
        <line num="67" type="stmt" count="11"/>
        <line num="68" type="stmt" count="11"/>
        <line num="71" type="stmt" count="2"/>
        <line num="82" type="method" name="call" crap="3" count="2"/>
        <line num="84" type="stmt" count="2"/>
        <line num="85" type="stmt" count="2"/>
        <line num="87" type="stmt" count="2"/>
        <line num="89" type="stmt" count="1"/>
        <line num="90" type="stmt" count="1"/>
        <line num="93" type="stmt" count="1"/>
        <line num="95" type="stmt" count="1"/>
        <line num="96" type="stmt" count="1"/>
        <line num="97" type="stmt" count="1"/>
        <line num="99" type="stmt" count="1"/>
        <line num="101" type="stmt" count="1"/>
        <line num="110" type="method" name="isFilter" crap="3" count="4"/>
        <line num="112" type="stmt" count="4"/>
        <line num="114" type="stmt" count="4"/>
        <line num="115" type="stmt" count="2"/>
        <line num="116" type="stmt" count="2"/>
        <line num="117" type="stmt" count="2"/>
        <line num="118" type="stmt" count="2"/>
        <line num="119" type="stmt" count="2"/>
        <line num="121" type="stmt" count="4"/>
        <line num="130" type="method" name="isParse" crap="4" count="4"/>
        <line num="132" type="stmt" count="4"/>
        <line num="134" type="stmt" count="4"/>
        <line num="135" type="stmt" count="2"/>
        <line num="136" type="stmt" count="2"/>
        <line num="137" type="stmt" count="2"/>
        <line num="138" type="stmt" count="2"/>
        <line num="139" type="stmt" count="2"/>
        <line num="141" type="stmt" count="4"/>
        <line num="151" type="method" name="filter" crap="4" count="2"/>
        <line num="153" type="stmt" count="2"/>
        <line num="155" type="stmt" count="2"/>
        <line num="156" type="stmt" count="1"/>
        <line num="157" type="stmt" count="1"/>
        <line num="158" type="stmt" count="1"/>
        <line num="159" type="stmt" count="1"/>
        <line num="160" type="stmt" count="1"/>
        <line num="162" type="stmt" count="2"/>
        <metrics loc="164" ncloc="104" classes="1" methods="6" coveredmethods="6" conditionals="0" coveredconditionals="0" statements="42" coveredstatements="42" elements="48" coveredelements="48"/>
      </file>
    </package>
    <package name="Anomaly\Lexicon\View\Compiler">
      <file name="/Users/ob/Sites/laravel/laravel43/workbench/anomaly/lexicon/src/Anomaly/Lexicon/View/Compiler/Compiler.php">
        <class name="Compiler" namespace="Anomaly\Lexicon\View\Compiler">
          <metrics methods="12" coveredmethods="9" conditionals="0" coveredconditionals="0" statements="40" coveredstatements="29" elements="52" coveredelements="38"/>
        </class>
        <line num="19" type="method" name="setHash" crap="1" count="1"/>
        <line num="21" type="stmt" count="1"/>
        <line num="22" type="stmt" count="1"/>
        <line num="25" type="method" name="getHash" crap="1" count="1"/>
        <line num="27" type="stmt" count="1"/>
        <line num="30" type="method" name="setLexicon" crap="1" count="32"/>
        <line num="32" type="stmt" count="32"/>
        <line num="33" type="stmt" count="32"/>
        <line num="39" type="method" name="getLexicon" crap="1" count="1"/>
        <line num="41" type="stmt" count="1"/>
        <line num="50" type="method" name="setStreamCompiler" crap="1" count="1"/>
        <line num="52" type="stmt" count="1"/>
        <line num="53" type="stmt" count="1"/>
        <line num="59" type="method" name="getStreamCompiler" crap="1" count="1"/>
        <line num="61" type="stmt" count="1"/>
        <line num="70" type="method" name="compile" crap="2" count="1"/>
        <line num="72" type="stmt" count="1"/>
        <line num="74" type="stmt" count="1"/>
        <line num="76" type="stmt" count="1"/>
        <line num="78" type="stmt" count="1"/>
        <line num="80" type="stmt" count="1"/>
        <line num="81" type="stmt" count="1"/>
        <line num="82" type="stmt" count="1"/>
        <line num="83" type="stmt" count="1"/>
        <line num="85" type="method" name="compileString" crap="3.01" count="1"/>
        <line num="87" type="stmt" count="1"/>
        <line num="88" type="stmt" count="0"/>
        <line num="91" type="stmt" count="1"/>
        <line num="92" type="stmt" count="1"/>
        <line num="93" type="stmt" count="1"/>
        <line num="95" type="stmt" count="1"/>
        <line num="96" type="stmt" count="1"/>
        <line num="98" type="stmt" count="1"/>
        <line num="99" type="stmt" count="1"/>
        <line num="101" type="stmt" count="1"/>
        <line num="102" type="stmt" count="1"/>
        <line num="111" type="method" name="compileView" crap="1" count="1"/>
        <line num="113" type="stmt" count="1"/>
        <line num="122" type="method" name="compileParse" crap="6" count="0"/>
        <line num="124" type="stmt" count="0"/>
        <line num="126" type="stmt" count="0"/>
        <line num="128" type="stmt" count="0"/>
        <line num="129" type="stmt" count="0"/>
        <line num="130" type="stmt" count="0"/>
        <line num="131" type="stmt" count="0"/>
        <line num="139" type="method" name="escapePhp" crap="1" count="1"/>
        <line num="141" type="stmt" count="1"/>
        <line num="150" type="method" name="isNotParsed" crap="12" count="0"/>
        <line num="152" type="stmt" count="0"/>
        <line num="157" type="stmt" count="0"/>
        <line num="158" type="stmt" count="0"/>
        <line num="161" type="stmt" count="0"/>
        <metrics loc="163" ncloc="112" classes="1" methods="12" coveredmethods="9" conditionals="0" coveredconditionals="0" statements="40" coveredstatements="29" elements="52" coveredelements="38"/>
      </file>
      <file name="/Users/ob/Sites/laravel/laravel43/workbench/anomaly/lexicon/src/Anomaly/Lexicon/View/Compiler/CompilerEngine.php">
        <class name="CompilerEngine" namespace="Anomaly\Lexicon\View\Compiler">
          <metrics methods="2" coveredmethods="0" conditionals="0" coveredconditionals="0" statements="28" coveredstatements="26" elements="30" coveredelements="26"/>
        </class>
        <line num="29" type="method" name="get" crap="7.03" count="1"/>
        <line num="31" type="stmt" count="1"/>
        <line num="34" type="stmt" count="1"/>
        <line num="36" type="stmt" count="1"/>
        <line num="42" type="stmt" count="1"/>
        <line num="43" type="stmt" count="0"/>
        <line num="44" type="stmt" count="1"/>
        <line num="45" type="stmt" count="1"/>
        <line num="46" type="stmt" count="1"/>
        <line num="48" type="stmt" count="1"/>
        <line num="53" type="stmt" count="1"/>
        <line num="55" type="stmt" count="1"/>
        <line num="57" type="stmt" count="1"/>
        <line num="67" type="method" name="evaluatePath" crap="4.00" count="1"/>
        <line num="69" type="stmt" count="1"/>
        <line num="71" type="stmt" count="1"/>
        <line num="77" type="stmt" count="1"/>
        <line num="78" type="stmt" count="1"/>
        <line num="79" type="stmt" count="1"/>
        <line num="80" type="stmt" count="1"/>
        <line num="81" type="stmt" count="1"/>
        <line num="82" type="stmt" count="1"/>
        <line num="83" type="stmt" count="1"/>
        <line num="85" type="stmt" count="1"/>
        <line num="86" type="stmt" count="1"/>
        <line num="87" type="stmt" count="1"/>
        <line num="88" type="stmt" count="1"/>
        <line num="92" type="stmt" count="1"/>
        <line num="93" type="stmt" count="0"/>
        <line num="96" type="stmt" count="1"/>
        <metrics loc="115" ncloc="64" classes="1" methods="2" coveredmethods="0" conditionals="0" coveredconditionals="0" statements="28" coveredstatements="26" elements="30" coveredelements="26"/>
      </file>
      <file name="/Users/ob/Sites/laravel/laravel43/workbench/anomaly/lexicon/src/Anomaly/Lexicon/View/Compiler/StreamCompiler.php">
        <class name="StreamCompiler" namespace="Anomaly\Lexicon\View\Compiler">
          <metrics methods="8" coveredmethods="4" conditionals="0" coveredconditionals="0" statements="19" coveredstatements="8" elements="27" coveredelements="12"/>
        </class>
        <line num="43" type="method" name="__construct" crap="1" count="1"/>
        <line num="45" type="stmt" count="1"/>
        <line num="46" type="stmt" count="1"/>
        <line num="53" type="method" name="getBlockNode" crap="1" count="1"/>
        <line num="55" type="stmt" count="1"/>
        <line num="63" type="method" name="regex" crap="2" count="0"/>
        <line num="65" type="stmt" count="0"/>
        <line num="66" type="stmt" count="0"/>
        <line num="67" type="stmt" count="0"/>
        <line num="75" type="method" name="source" crap="1" count="1"/>
        <line num="77" type="stmt" count="1"/>
        <line num="85" type="method" name="parse" crap="2" count="0"/>
        <line num="87" type="stmt" count="0"/>
        <line num="95" type="method" name="compile" crap="1" count="1"/>
        <line num="97" type="stmt" count="1"/>
        <line num="106" type="method" name="compileFooter" crap="5.67" count="1"/>
        <line num="112" type="stmt" count="1"/>
        <line num="114" type="stmt" count="1"/>
        <line num="116" type="stmt" count="0"/>
        <line num="117" type="stmt" count="0"/>
        <line num="118" type="stmt" count="0"/>
        <line num="120" type="stmt" count="0"/>
        <line num="121" type="stmt" count="0"/>
        <line num="122" type="stmt" count="0"/>
        <line num="124" type="stmt" count="1"/>
        <line num="133" type="method" name="clean" crap="2" count="0"/>
        <line num="135" type="stmt" count="0"/>
        <metrics loc="137" ncloc="69" classes="1" methods="8" coveredmethods="4" conditionals="0" coveredconditionals="0" statements="19" coveredstatements="8" elements="27" coveredelements="12"/>
      </file>
      <file name="/Users/ob/Sites/laravel/laravel43/workbench/anomaly/lexicon/src/Anomaly/Lexicon/View/Compiler/ViewCompiler.php">
        <class name="ViewCompiler" namespace="Anomaly\Lexicon\View\Compiler">
          <metrics methods="5" coveredmethods="5" conditionals="0" coveredconditionals="0" statements="11" coveredstatements="11" elements="16" coveredelements="16"/>
        </class>
        <line num="18" type="method" name="__construct" crap="1" count="1"/>
        <line num="20" type="stmt" count="1"/>
        <line num="21" type="stmt" count="1"/>
        <line num="23" type="method" name="getCompiler" crap="1" count="1"/>
        <line num="25" type="stmt" count="1"/>
        <line num="28" type="method" name="compile" crap="1" count="1"/>
        <line num="30" type="stmt" count="1"/>
        <line num="33" type="method" name="view" crap="1" count="1"/>
        <line num="35" type="stmt" count="1"/>
        <line num="37" type="stmt" count="1"/>
        <line num="39" type="stmt" count="1"/>
        <line num="40" type="stmt" count="1"/>
        <line num="41" type="stmt" count="1"/>
        <line num="43" type="stmt" count="1"/>
        <line num="52" type="method" name="template" crap="1" count="1"/>
        <line num="54" type="stmt" count="1"/>
        <metrics loc="55" ncloc="43" classes="1" methods="5" coveredmethods="5" conditionals="0" coveredconditionals="0" statements="11" coveredstatements="11" elements="16" coveredelements="16"/>
      </file>
    </package>
    <package name="Anomaly\Lexicon\View">
      <file name="/Users/ob/Sites/laravel/laravel43/workbench/anomaly/lexicon/src/Anomaly/Lexicon/View/Factory.php">
        <class name="Factory" namespace="Anomaly\Lexicon\View">
          <metrics methods="5" coveredmethods="1" conditionals="0" coveredconditionals="0" statements="60" coveredstatements="20" elements="65" coveredelements="21"/>
        </class>
        <line num="20" type="method" name="parse" crap="2" count="0"/>
        <line num="22" type="stmt" count="0"/>
        <line num="25" type="stmt" count="0"/>
        <line num="27" type="stmt" count="0"/>
        <line num="29" type="stmt" count="0"/>
        <line num="31" type="stmt" count="0"/>
        <line num="37" type="method" name="getLexicon" crap="1" count="1"/>
        <line num="39" type="stmt" count="1"/>
        <line num="47" type="method" name="getLexiconEngine" crap="2" count="0"/>
        <line num="49" type="stmt" count="0"/>
        <line num="60" type="method" name="compare" crap="2" count="0"/>
        <line num="62" type="stmt" count="0"/>
        <line num="74" type="method" name="variable" crap="367.24" count="1"/>
        <line num="76" type="stmt" count="1"/>
        <line num="78" type="stmt" count="1"/>
        <line num="80" type="stmt" count="1"/>
        <line num="82" type="stmt" count="1"/>
        <line num="84" type="stmt" count="0"/>
        <line num="85" type="stmt" count="0"/>
        <line num="87" type="stmt" count="0"/>
        <line num="88" type="stmt" count="0"/>
        <line num="89" type="stmt" count="0"/>
        <line num="91" type="stmt" count="0"/>
        <line num="92" type="stmt" count="0"/>
        <line num="94" type="stmt" count="1"/>
        <line num="95" type="stmt" count="1"/>
        <line num="97" type="stmt" count="1"/>
        <line num="99" type="stmt" count="1"/>
        <line num="101" type="stmt" count="1"/>
        <line num="103" type="stmt" count="0"/>
        <line num="104" type="stmt" count="0"/>
        <line num="105" type="stmt" count="0"/>
        <line num="108" type="stmt" count="0"/>
        <line num="109" type="stmt" count="0"/>
        <line num="112" type="stmt" count="0"/>
        <line num="113" type="stmt" count="0"/>
        <line num="117" type="stmt" count="1"/>
        <line num="118" type="stmt" count="1"/>
        <line num="119" type="stmt" count="1"/>
        <line num="120" type="stmt" count="0"/>
        <line num="121" type="stmt" count="0"/>
        <line num="122" type="stmt" count="0"/>
        <line num="123" type="stmt" count="0"/>
        <line num="124" type="stmt" count="0"/>
        <line num="125" type="stmt" count="0"/>
        <line num="126" type="stmt" count="0"/>
        <line num="127" type="stmt" count="0"/>
        <line num="128" type="stmt" count="0"/>
        <line num="129" type="stmt" count="0"/>
        <line num="131" type="stmt" count="0"/>
        <line num="132" type="stmt" count="0"/>
        <line num="133" type="stmt" count="0"/>
        <line num="134" type="stmt" count="0"/>
        <line num="137" type="stmt" count="1"/>
        <line num="138" type="stmt" count="1"/>
        <line num="140" type="stmt" count="1"/>
        <line num="141" type="stmt" count="0"/>
        <line num="142" type="stmt" count="1"/>
        <line num="143" type="stmt" count="1"/>
        <line num="144" type="stmt" count="0"/>
        <line num="145" type="stmt" count="1"/>
        <line num="146" type="stmt" count="1"/>
        <line num="147" type="stmt" count="0"/>
        <line num="148" type="stmt" count="0"/>
        <line num="151" type="stmt" count="0"/>
        <metrics loc="153" ncloc="107" classes="1" methods="5" coveredmethods="1" conditionals="0" coveredconditionals="0" statements="60" coveredstatements="20" elements="65" coveredelements="21"/>
      </file>
    </package>
    <file name="/Users/ob/Sites/laravel/laravel43/workbench/anomaly/lexicon/src/config/config.php">
      <line num="11" type="stmt" count="32"/>
      <line num="16" type="stmt" count="32"/>
      <line num="21" type="stmt" count="32"/>
      <line num="26" type="stmt" count="32"/>
      <line num="32" type="stmt" count="32"/>
      <line num="33" type="stmt" count="32"/>
      <line num="38" type="stmt" count="32"/>
      <line num="39" type="stmt" count="32"/>
      <line num="40" type="stmt" count="32"/>
      <line num="44" type="stmt" count="32"/>
      <line num="48" type="stmt" count="32"/>
      <line num="57" type="stmt" count="32"/>
      <line num="58" type="stmt" count="32"/>
      <line num="59" type="stmt" count="32"/>
      <line num="60" type="stmt" count="32"/>
      <line num="61" type="stmt" count="32"/>
      <line num="62" type="stmt" count="32"/>
      <line num="63" type="stmt" count="32"/>
      <line num="64" type="stmt" count="32"/>
      <line num="65" type="stmt" count="32"/>
      <line num="66" type="stmt" count="32"/>
      <line num="67" type="stmt" count="32"/>
      <line num="68" type="stmt" count="32"/>
      <line num="69" type="stmt" count="32"/>
      <line num="70" type="stmt" count="32"/>
      <line num="71" type="stmt" count="32"/>
      <line num="72" type="stmt" count="32"/>
      <line num="73" type="stmt" count="32"/>
      <line num="74" type="stmt" count="32"/>
      <line num="75" type="stmt" count="32"/>
      <line num="80" type="stmt" count="32"/>
      <line num="81" type="stmt" count="32"/>
      <line num="82" type="stmt" count="32"/>
      <line num="83" type="stmt" count="32"/>
      <line num="84" type="stmt" count="32"/>
      <line num="85" type="stmt" count="32"/>
      <line num="86" type="stmt" count="32"/>
      <line num="87" type="stmt" count="32"/>
      <line num="88" type="stmt" count="32"/>
      <line num="89" type="stmt" count="32"/>
      <line num="90" type="stmt" count="32"/>
      <line num="95" type="stmt" count="32"/>
      <line num="96" type="stmt" count="32"/>
      <line num="97" type="stmt" count="32"/>
      <line num="98" type="stmt" count="32"/>
      <line num="99" type="stmt" count="32"/>
      <line num="100" type="stmt" count="32"/>
      <line num="101" type="stmt" count="32"/>
      <line num="103" type="stmt" count="32"/>
      <line num="104" type="stmt" count="32"/>
      <metrics loc="103" ncloc="60" classes="0" methods="0" coveredmethods="0" conditionals="0" coveredconditionals="0" statements="49" coveredstatements="49" elements="49" coveredelements="49"/>
    </file>
    <metrics files="37" loc="4372" ncloc="2667" classes="36" methods="226" coveredmethods="111" conditionals="0" coveredconditionals="0" statements="926" coveredstatements="482" elements="1152" coveredelements="593"/>
  </project>
</coverage>
